请求地址:Api/getUserCollection
请求时间:2018-05-10 05:00:12
请求参数:{"user_id":"174","timeStamp":"2018-05-10 05:00:11","sign":"NDk0MTNmMzJkNDVkMTIxMGQ1Y2YxMTQxYzI2M2UxNDg="}
加密前:2018-05-10 05:00:11174
加密后:NDk0MTNmMzJkNDVkMTIxMGQ1Y2YxMTQxYzI2M2UxNDg=
返回数据:{"code":200,"message":"\u6210\u529f","data":[{"collection_id":"30","activity_id":"224","title":"\u770b\u7535\u5f71","activity_cate_id":"3","category_id":"1116","merchants_id":null,"join_number":"1","content":"","activity_inputtime":"2018-05-08 13:09:19","sort":"0","activity_status":"0","activity_start_time":"2018-05-09 18:00:00","activity_address":"\u6b66\u4faf\u533a\u6842\u6eaa\u8857\u9053\u5927\u57ce\u9645(\u5409\u6cf0\u8def)\u94f6\u6cf0\u57ce","activity_longitude":"104.059155","activity_latitude":"30.541111","user_id":"137","user_name":"conn","sex":"1","phone":"18782271516","head_img":"\/Upload\/2018-05-08\/5af14461048cc.jpg","is_official":"0","status":"1","inputtime":"2018-05-09 10:26:03","activity_cate_name":"AA"}]}


请求地址:Api/getUserInfo
请求时间:2018-05-10 10:01:18
请求参数:{"timeStamp":"2018-05-10 10:01:19","id":"174","sign":"NWI2MjJkODQyNWRjMjA5MWNiMjc4YWE0MTA3YjQxOWE="}
加密前:1742018-05-10 10:01:19
加密后:NWI2MjJkODQyNWRjMjA5MWNiMjc4YWE0MTA3YjQxOWE=
返回数据:{"code":200,"message":"\u6210\u529f","data":{"id":"174","user_name":"conn","password":null,"id_card":null,"openid":"ofgtxxG1QbDTnj5fjVtNJWzm8KEk","unionid":"obFBn1C1f9OnN4OeNRaF87MrfrzQ","real_name":null,"phone":"18782271516","qq":null,"email":null,"age":"0","sex":"1","head_img":"\/Upload\/2018-05-08\/5af14461048cc.jpg","address":"\u56db\u5ddd\u7701-\u6210\u90fd\u5e02-\u6b66\u4faf\u533a","subscribe":"1","is_robot":"0","source":null,"status":"1","inputtime":"2018-04-28 20:29:08","lost_login_time":"2018-05-08 18:08:17","personality_sign":"\u554a\u5b9e\u6253\u5b9e\u6539\u597d\u4ef7\u683c\u53d1\u58eb\u5927\u592b\u5de5\u4f1a\u7ecf\u8d39reek\u4efb\u4f55\u4eba\u662f\u7684\u53cd\u6fc0\u52a8\u5242\u54e6\u6211\u8272\u5f31\u7ba1\u5bb6\u5a46\u7279\u5c14 ","is_official":"0"}}


请求地址:Api/getUserInfo
请求时间:2018-05-10 10:01:25
请求参数:{"timeStamp":"2018-05-10 10:01:26","id":"174","sign":"ZTRjN2M2ZmVkNzVhNWI1NjVkYmY5YzU0MjcwNDA4Yzg="}
加密前:1742018-05-10 10:01:26
加密后:ZTRjN2M2ZmVkNzVhNWI1NjVkYmY5YzU0MjcwNDA4Yzg=
返回数据:{"code":200,"message":"\u6210\u529f","data":{"id":"174","user_name":"conn","password":null,"id_card":null,"openid":"ofgtxxG1QbDTnj5fjVtNJWzm8KEk","unionid":"obFBn1C1f9OnN4OeNRaF87MrfrzQ","real_name":null,"phone":"18782271516","qq":null,"email":null,"age":"0","sex":"1","head_img":"\/Upload\/2018-05-08\/5af14461048cc.jpg","address":"\u56db\u5ddd\u7701-\u6210\u90fd\u5e02-\u6b66\u4faf\u533a","subscribe":"1","is_robot":"0","source":null,"status":"1","inputtime":"2018-04-28 20:29:08","lost_login_time":"2018-05-08 18:08:17","personality_sign":"\u554a\u5b9e\u6253\u5b9e\u6539\u597d\u4ef7\u683c\u53d1\u58eb\u5927\u592b\u5de5\u4f1a\u7ecf\u8d39reek\u4efb\u4f55\u4eba\u662f\u7684\u53cd\u6fc0\u52a8\u5242\u54e6\u6211\u8272\u5f31\u7ba1\u5bb6\u5a46\u7279\u5c14 ","is_official":"0"}}


请求地址:Api/getUserInfo
请求时间:2018-05-10 10:01:32
请求参数:{"timeStamp":"2018-05-10 10:01:33","id":"174","sign":"MDY4ODhjMmQ5NzRhMzIwYmI3NzVlMzlkN2VkNWFkMzY="}
加密前:1742018-05-10 10:01:33
加密后:MDY4ODhjMmQ5NzRhMzIwYmI3NzVlMzlkN2VkNWFkMzY=
返回数据:{"code":200,"message":"\u6210\u529f","data":{"id":"174","user_name":"conn","password":null,"id_card":null,"openid":"ofgtxxG1QbDTnj5fjVtNJWzm8KEk","unionid":"obFBn1C1f9OnN4OeNRaF87MrfrzQ","real_name":null,"phone":"18782271516","qq":null,"email":null,"age":"0","sex":"1","head_img":"\/Upload\/2018-05-08\/5af14461048cc.jpg","address":"\u56db\u5ddd\u7701-\u6210\u90fd\u5e02-\u6b66\u4faf\u533a","subscribe":"1","is_robot":"0","source":null,"status":"1","inputtime":"2018-04-28 20:29:08","lost_login_time":"2018-05-08 18:08:17","personality_sign":"\u554a\u5b9e\u6253\u5b9e\u6539\u597d\u4ef7\u683c\u53d1\u58eb\u5927\u592b\u5de5\u4f1a\u7ecf\u8d39reek\u4efb\u4f55\u4eba\u662f\u7684\u53cd\u6fc0\u52a8\u5242\u54e6\u6211\u8272\u5f31\u7ba1\u5bb6\u5a46\u7279\u5c14 ","is_official":"0"}}


请求地址:Api/getUserInfo
请求时间:2018-05-10 10:01:38
请求参数:{"timeStamp":"2018-05-10 10:01:39","id":"174","sign":"ZGFhMDkyNWNmZTE4YjMxY2NiMzA4NDI0ODVjMjNmNjE="}
加密前:1742018-05-10 10:01:39
加密后:ZGFhMDkyNWNmZTE4YjMxY2NiMzA4NDI0ODVjMjNmNjE=
返回数据:{"code":200,"message":"\u6210\u529f","data":{"id":"174","user_name":"conn","password":null,"id_card":null,"openid":"ofgtxxG1QbDTnj5fjVtNJWzm8KEk","unionid":"obFBn1C1f9OnN4OeNRaF87MrfrzQ","real_name":null,"phone":"18782271516","qq":null,"email":null,"age":"0","sex":"1","head_img":"\/Upload\/2018-05-08\/5af14461048cc.jpg","address":"\u56db\u5ddd\u7701-\u6210\u90fd\u5e02-\u6b66\u4faf\u533a","subscribe":"1","is_robot":"0","source":null,"status":"1","inputtime":"2018-04-28 20:29:08","lost_login_time":"2018-05-08 18:08:17","personality_sign":"\u554a\u5b9e\u6253\u5b9e\u6539\u597d\u4ef7\u683c\u53d1\u58eb\u5927\u592b\u5de5\u4f1a\u7ecf\u8d39reek\u4efb\u4f55\u4eba\u662f\u7684\u53cd\u6fc0\u52a8\u5242\u54e6\u6211\u8272\u5f31\u7ba1\u5bb6\u5a46\u7279\u5c14 ","is_official":"0"}}


请求地址:Api/getUserInfo
请求时间:2018-05-10 10:01:43
请求参数:{"timeStamp":"2018-05-10 10:01:45","id":"174","sign":"YzI1ZDdjM2Y2MjRiOTE3YjM2ZWVmNjUxYzI0NmFjYTA="}
加密前:1742018-05-10 10:01:45
加密后:YzI1ZDdjM2Y2MjRiOTE3YjM2ZWVmNjUxYzI0NmFjYTA=
返回数据:{"code":200,"message":"\u6210\u529f","data":{"id":"174","user_name":"conn","password":null,"id_card":null,"openid":"ofgtxxG1QbDTnj5fjVtNJWzm8KEk","unionid":"obFBn1C1f9OnN4OeNRaF87MrfrzQ","real_name":null,"phone":"18782271516","qq":null,"email":null,"age":"0","sex":"1","head_img":"\/Upload\/2018-05-08\/5af14461048cc.jpg","address":"\u56db\u5ddd\u7701-\u6210\u90fd\u5e02-\u6b66\u4faf\u533a","subscribe":"1","is_robot":"0","source":null,"status":"1","inputtime":"2018-04-28 20:29:08","lost_login_time":"2018-05-08 18:08:17","personality_sign":"\u554a\u5b9e\u6253\u5b9e\u6539\u597d\u4ef7\u683c\u53d1\u58eb\u5927\u592b\u5de5\u4f1a\u7ecf\u8d39reek\u4efb\u4f55\u4eba\u662f\u7684\u53cd\u6fc0\u52a8\u5242\u54e6\u6211\u8272\u5f31\u7ba1\u5bb6\u5a46\u7279\u5c14 ","is_official":"0"}}


请求地址:Api/getUserInfo
请求时间:2018-05-10 10:01:48
请求参数:{"timeStamp":"2018-05-10 10:01:49","id":"174","sign":"NTY0NmQ0ZDU3NWIzMmI5OTliM2ZiZjljOGQxZGIyZTY="}
加密前:1742018-05-10 10:01:49
加密后:NTY0NmQ0ZDU3NWIzMmI5OTliM2ZiZjljOGQxZGIyZTY=
返回数据:{"code":200,"message":"\u6210\u529f","data":{"id":"174","user_name":"conn","password":null,"id_card":null,"openid":"ofgtxxG1QbDTnj5fjVtNJWzm8KEk","unionid":"obFBn1C1f9OnN4OeNRaF87MrfrzQ","real_name":null,"phone":"18782271516","qq":null,"email":null,"age":"0","sex":"1","head_img":"\/Upload\/2018-05-08\/5af14461048cc.jpg","address":"\u56db\u5ddd\u7701-\u6210\u90fd\u5e02-\u6b66\u4faf\u533a","subscribe":"1","is_robot":"0","source":null,"status":"1","inputtime":"2018-04-28 20:29:08","lost_login_time":"2018-05-08 18:08:17","personality_sign":"\u554a\u5b9e\u6253\u5b9e\u6539\u597d\u4ef7\u683c\u53d1\u58eb\u5927\u592b\u5de5\u4f1a\u7ecf\u8d39reek\u4efb\u4f55\u4eba\u662f\u7684\u53cd\u6fc0\u52a8\u5242\u54e6\u6211\u8272\u5f31\u7ba1\u5bb6\u5a46\u7279\u5c14 ","is_official":"0"}}


请求地址:Api/getUserInfo
请求时间:2018-05-10 10:02:28
请求参数:{"timeStamp":"2018-05-10 10:02:29","id":"174","sign":"NTU3ZDYwZThhMmYxZjJkY2RmNTQwZTAzYTRmZjk2ZmE="}
加密前:1742018-05-10 10:02:29
加密后:NTU3ZDYwZThhMmYxZjJkY2RmNTQwZTAzYTRmZjk2ZmE=
返回数据:{"code":200,"message":"\u6210\u529f","data":{"id":"174","user_name":"conn","password":null,"id_card":null,"openid":"ofgtxxG1QbDTnj5fjVtNJWzm8KEk","unionid":"obFBn1C1f9OnN4OeNRaF87MrfrzQ","real_name":null,"phone":"18782271516","qq":null,"email":null,"age":"0","sex":"1","head_img":"\/Upload\/2018-05-08\/5af14461048cc.jpg","address":"\u56db\u5ddd\u7701-\u6210\u90fd\u5e02-\u6b66\u4faf\u533a","subscribe":"1","is_robot":"0","source":null,"status":"1","inputtime":"2018-04-28 20:29:08","lost_login_time":"2018-05-08 18:08:17","personality_sign":"\u554a\u5b9e\u6253\u5b9e\u6539\u597d\u4ef7\u683c\u53d1\u58eb\u5927\u592b\u5de5\u4f1a\u7ecf\u8d39reek\u4efb\u4f55\u4eba\u662f\u7684\u53cd\u6fc0\u52a8\u5242\u54e6\u6211\u8272\u5f31\u7ba1\u5bb6\u5a46\u7279\u5c14 ","is_official":"0"}}


请求地址:Api/getUserInfo
请求时间:2018-05-10 10:02:34
请求参数:{"timeStamp":"2018-05-10 10:02:36","id":"174","sign":"MWE3NTY4MTBjNGMxYmYyYzIzN2Y3NDcwOTIwMGY5NGM="}
加密前:1742018-05-10 10:02:36
加密后:MWE3NTY4MTBjNGMxYmYyYzIzN2Y3NDcwOTIwMGY5NGM=
返回数据:{"code":200,"message":"\u6210\u529f","data":{"id":"174","user_name":"conn","password":null,"id_card":null,"openid":"ofgtxxG1QbDTnj5fjVtNJWzm8KEk","unionid":"obFBn1C1f9OnN4OeNRaF87MrfrzQ","real_name":null,"phone":"18782271516","qq":null,"email":null,"age":"0","sex":"1","head_img":"\/Upload\/2018-05-08\/5af14461048cc.jpg","address":"\u56db\u5ddd\u7701-\u6210\u90fd\u5e02-\u6b66\u4faf\u533a","subscribe":"1","is_robot":"0","source":null,"status":"1","inputtime":"2018-04-28 20:29:08","lost_login_time":"2018-05-08 18:08:17","personality_sign":"\u554a\u5b9e\u6253\u5b9e\u6539\u597d\u4ef7\u683c\u53d1\u58eb\u5927\u592b\u5de5\u4f1a\u7ecf\u8d39reek\u4efb\u4f55\u4eba\u662f\u7684\u53cd\u6fc0\u52a8\u5242\u54e6\u6211\u8272\u5f31\u7ba1\u5bb6\u5a46\u7279\u5c14 ","is_official":"0"}}


请求地址:Api/getUserInfo
请求时间:2018-05-10 10:02:37
请求参数:{"timeStamp":"2018-05-10 10:02:39","id":"174","sign":"ZDU3MjQ0YjNmMDFkZTg0OTFhYjg1NjEzOGQ2ZmE0M2U="}
加密前:1742018-05-10 10:02:39
加密后:ZDU3MjQ0YjNmMDFkZTg0OTFhYjg1NjEzOGQ2ZmE0M2U=
返回数据:{"code":200,"message":"\u6210\u529f","data":{"id":"174","user_name":"conn","password":null,"id_card":null,"openid":"ofgtxxG1QbDTnj5fjVtNJWzm8KEk","unionid":"obFBn1C1f9OnN4OeNRaF87MrfrzQ","real_name":null,"phone":"18782271516","qq":null,"email":null,"age":"0","sex":"1","head_img":"\/Upload\/2018-05-08\/5af14461048cc.jpg","address":"\u56db\u5ddd\u7701-\u6210\u90fd\u5e02-\u6b66\u4faf\u533a","subscribe":"1","is_robot":"0","source":null,"status":"1","inputtime":"2018-04-28 20:29:08","lost_login_time":"2018-05-08 18:08:17","personality_sign":"\u554a\u5b9e\u6253\u5b9e\u6539\u597d\u4ef7\u683c\u53d1\u58eb\u5927\u592b\u5de5\u4f1a\u7ecf\u8d39reek\u4efb\u4f55\u4eba\u662f\u7684\u53cd\u6fc0\u52a8\u5242\u54e6\u6211\u8272\u5f31\u7ba1\u5bb6\u5a46\u7279\u5c14 ","is_official":"0"}}


请求地址:Api/getUserInfo
请求时间:2018-05-10 10:02:42
请求参数:{"timeStamp":"2018-05-10 10:02:43","id":"174","sign":"ODdlY2U1OTRhOGI1YmI2YTYwNjc2ZDdlOTE2ZmE4M2I="}
加密前:1742018-05-10 10:02:43
加密后:ODdlY2U1OTRhOGI1YmI2YTYwNjc2ZDdlOTE2ZmE4M2I=
返回数据:{"code":200,"message":"\u6210\u529f","data":{"id":"174","user_name":"conn","password":null,"id_card":null,"openid":"ofgtxxG1QbDTnj5fjVtNJWzm8KEk","unionid":"obFBn1C1f9OnN4OeNRaF87MrfrzQ","real_name":null,"phone":"18782271516","qq":null,"email":null,"age":"0","sex":"1","head_img":"\/Upload\/2018-05-08\/5af14461048cc.jpg","address":"\u56db\u5ddd\u7701-\u6210\u90fd\u5e02-\u6b66\u4faf\u533a","subscribe":"1","is_robot":"0","source":null,"status":"1","inputtime":"2018-04-28 20:29:08","lost_login_time":"2018-05-08 18:08:17","personality_sign":"\u554a\u5b9e\u6253\u5b9e\u6539\u597d\u4ef7\u683c\u53d1\u58eb\u5927\u592b\u5de5\u4f1a\u7ecf\u8d39reek\u4efb\u4f55\u4eba\u662f\u7684\u53cd\u6fc0\u52a8\u5242\u54e6\u6211\u8272\u5f31\u7ba1\u5bb6\u5a46\u7279\u5c14 ","is_official":"0"}}


请求地址:Api/getUserInfo
请求时间:2018-05-10 10:02:46
请求参数:{"timeStamp":"2018-05-10 10:02:47","id":"174","sign":"MGNkZTg4YWJjY2E1MjI5OWI0ZGVjZmEwYmYxN2JiNTM="}
加密前:1742018-05-10 10:02:47
加密后:MGNkZTg4YWJjY2E1MjI5OWI0ZGVjZmEwYmYxN2JiNTM=
返回数据:{"code":200,"message":"\u6210\u529f","data":{"id":"174","user_name":"conn","password":null,"id_card":null,"openid":"ofgtxxG1QbDTnj5fjVtNJWzm8KEk","unionid":"obFBn1C1f9OnN4OeNRaF87MrfrzQ","real_name":null,"phone":"18782271516","qq":null,"email":null,"age":"0","sex":"1","head_img":"\/Upload\/2018-05-08\/5af14461048cc.jpg","address":"\u56db\u5ddd\u7701-\u6210\u90fd\u5e02-\u6b66\u4faf\u533a","subscribe":"1","is_robot":"0","source":null,"status":"1","inputtime":"2018-04-28 20:29:08","lost_login_time":"2018-05-08 18:08:17","personality_sign":"\u554a\u5b9e\u6253\u5b9e\u6539\u597d\u4ef7\u683c\u53d1\u58eb\u5927\u592b\u5de5\u4f1a\u7ecf\u8d39reek\u4efb\u4f55\u4eba\u662f\u7684\u53cd\u6fc0\u52a8\u5242\u54e6\u6211\u8272\u5f31\u7ba1\u5bb6\u5a46\u7279\u5c14 ","is_official":"0"}}


请求地址:Api/getUserInfo
请求时间:2018-05-10 10:02:48
请求参数:{"timeStamp":"2018-05-10 10:02:49","id":"174","sign":"MWEwZTRhNzllYjIwMWJkZGU5OWYxZjVhMmE4YTc4Nzg="}
加密前:1742018-05-10 10:02:49
加密后:MWEwZTRhNzllYjIwMWJkZGU5OWYxZjVhMmE4YTc4Nzg=
返回数据:{"code":200,"message":"\u6210\u529f","data":{"id":"174","user_name":"conn","password":null,"id_card":null,"openid":"ofgtxxG1QbDTnj5fjVtNJWzm8KEk","unionid":"obFBn1C1f9OnN4OeNRaF87MrfrzQ","real_name":null,"phone":"18782271516","qq":null,"email":null,"age":"0","sex":"1","head_img":"\/Upload\/2018-05-08\/5af14461048cc.jpg","address":"\u56db\u5ddd\u7701-\u6210\u90fd\u5e02-\u6b66\u4faf\u533a","subscribe":"1","is_robot":"0","source":null,"status":"1","inputtime":"2018-04-28 20:29:08","lost_login_time":"2018-05-08 18:08:17","personality_sign":"\u554a\u5b9e\u6253\u5b9e\u6539\u597d\u4ef7\u683c\u53d1\u58eb\u5927\u592b\u5de5\u4f1a\u7ecf\u8d39reek\u4efb\u4f55\u4eba\u662f\u7684\u53cd\u6fc0\u52a8\u5242\u54e6\u6211\u8272\u5f31\u7ba1\u5bb6\u5a46\u7279\u5c14 ","is_official":"0"}}


请求地址:Api/getUserCollection
请求时间:2018-05-10 10:02:51
请求参数:{"user_id":"174","timeStamp":"2018-05-10 10:02:51","sign":"MmViMzZlZDkwNjliNDI4Zjk0MDFmNzlhMjAxYzIxODU="}
加密前:2018-05-10 10:02:51174
加密后:MmViMzZlZDkwNjliNDI4Zjk0MDFmNzlhMjAxYzIxODU=
返回数据:{"code":200,"message":"\u6210\u529f","data":[{"collection_id":"30","activity_id":"224","title":"\u770b\u7535\u5f71","activity_cate_id":"3","category_id":"1116","merchants_id":null,"join_number":"1","content":"","activity_inputtime":"2018-05-08 13:09:19","sort":"0","activity_status":"0","activity_start_time":"2018-05-09 18:00:00","activity_address":"\u6b66\u4faf\u533a\u6842\u6eaa\u8857\u9053\u5927\u57ce\u9645(\u5409\u6cf0\u8def)\u94f6\u6cf0\u57ce","activity_longitude":"104.059155","activity_latitude":"30.541111","user_id":"137","user_name":"conn","sex":"1","phone":"18782271516","head_img":"\/Upload\/2018-05-08\/5af14461048cc.jpg","is_official":"0","status":"1","inputtime":"2018-05-09 10:26:03","activity_cate_name":"AA"}]}


请求地址:Api/getUserCollection
请求时间:2018-05-10 10:02:59
请求参数:{"user_id":"174","timeStamp":"2018-05-10 10:02:59","sign":"NmMyOGQ2N2M0MTc2NzNjYzgyOGE4MWVkYzdkMDY0OGY="}
加密前:2018-05-10 10:02:59174
加密后:NmMyOGQ2N2M0MTc2NzNjYzgyOGE4MWVkYzdkMDY0OGY=
返回数据:{"code":200,"message":"\u6210\u529f","data":[{"collection_id":"30","activity_id":"224","title":"\u770b\u7535\u5f71","activity_cate_id":"3","category_id":"1116","merchants_id":null,"join_number":"1","content":"","activity_inputtime":"2018-05-08 13:09:19","sort":"0","activity_status":"0","activity_start_time":"2018-05-09 18:00:00","activity_address":"\u6b66\u4faf\u533a\u6842\u6eaa\u8857\u9053\u5927\u57ce\u9645(\u5409\u6cf0\u8def)\u94f6\u6cf0\u57ce","activity_longitude":"104.059155","activity_latitude":"30.541111","user_id":"137","user_name":"conn","sex":"1","phone":"18782271516","head_img":"\/Upload\/2018-05-08\/5af14461048cc.jpg","is_official":"0","status":"1","inputtime":"2018-05-09 10:26:03","activity_cate_name":"AA"}]}


请求地址:Api/getUserCollection
请求时间:2018-05-10 10:02:59
请求参数:{"user_id":"174","timeStamp":"2018-05-10 10:02:59","sign":"NmMyOGQ2N2M0MTc2NzNjYzgyOGE4MWVkYzdkMDY0OGY="}
加密前:2018-05-10 10:02:59174
加密后:NmMyOGQ2N2M0MTc2NzNjYzgyOGE4MWVkYzdkMDY0OGY=
返回数据:{"code":200,"message":"\u6210\u529f","data":[{"collection_id":"30","activity_id":"224","title":"\u770b\u7535\u5f71","activity_cate_id":"3","category_id":"1116","merchants_id":null,"join_number":"1","content":"","activity_inputtime":"2018-05-08 13:09:19","sort":"0","activity_status":"0","activity_start_time":"2018-05-09 18:00:00","activity_address":"\u6b66\u4faf\u533a\u6842\u6eaa\u8857\u9053\u5927\u57ce\u9645(\u5409\u6cf0\u8def)\u94f6\u6cf0\u57ce","activity_longitude":"104.059155","activity_latitude":"30.541111","user_id":"137","user_name":"conn","sex":"1","phone":"18782271516","head_img":"\/Upload\/2018-05-08\/5af14461048cc.jpg","is_official":"0","status":"1","inputtime":"2018-05-09 10:26:03","activity_cate_name":"AA"}]}


请求地址:Api/getUserInfo
请求时间:2018-05-10 10:03:37
请求参数:{"timeStamp":"2018-05-10 10:03:38","id":"174","sign":"NDU0ZjlmNTFiZGVjMzViOGNmOTYyYTJlNGY2YjAyOGY="}
加密前:1742018-05-10 10:03:38
加密后:NDU0ZjlmNTFiZGVjMzViOGNmOTYyYTJlNGY2YjAyOGY=
返回数据:{"code":200,"message":"\u6210\u529f","data":{"id":"174","user_name":"conn","password":null,"id_card":null,"openid":"ofgtxxG1QbDTnj5fjVtNJWzm8KEk","unionid":"obFBn1C1f9OnN4OeNRaF87MrfrzQ","real_name":null,"phone":"18782271516","qq":null,"email":null,"age":"0","sex":"1","head_img":"\/Upload\/2018-05-08\/5af14461048cc.jpg","address":"\u56db\u5ddd\u7701-\u6210\u90fd\u5e02-\u6b66\u4faf\u533a","subscribe":"1","is_robot":"0","source":null,"status":"1","inputtime":"2018-04-28 20:29:08","lost_login_time":"2018-05-08 18:08:17","personality_sign":"\u554a\u5b9e\u6253\u5b9e\u6539\u597d\u4ef7\u683c\u53d1\u58eb\u5927\u592b\u5de5\u4f1a\u7ecf\u8d39reek\u4efb\u4f55\u4eba\u662f\u7684\u53cd\u6fc0\u52a8\u5242\u54e6\u6211\u8272\u5f31\u7ba1\u5bb6\u5a46\u7279\u5c14 ","is_official":"0"}}


请求地址:Api/getUserCollection
请求时间:2018-05-10 10:07:27
请求参数:{"user_id":"174","timeStamp":"2018-05-10 10:07:27","sign":"NThkZWU0YzgwMzkzYjU5MDI2ZmRjNjg5MTYzZTQ2YmY="}
加密前:2018-05-10 10:07:27174
加密后:NThkZWU0YzgwMzkzYjU5MDI2ZmRjNjg5MTYzZTQ2YmY=
返回数据:{"code":200,"message":"\u6210\u529f","data":[{"collection_id":"30","activity_id":"224","title":"\u770b\u7535\u5f71","activity_cate_id":"3","category_id":"1116","merchants_id":null,"join_number":"1","content":"","activity_inputtime":"2018-05-08 13:09:19","sort":"0","activity_status":"0","activity_start_time":"2018-05-09 18:00:00","activity_address":"\u6b66\u4faf\u533a\u6842\u6eaa\u8857\u9053\u5927\u57ce\u9645(\u5409\u6cf0\u8def)\u94f6\u6cf0\u57ce","activity_longitude":"104.059155","activity_latitude":"30.541111","user_id":"137","user_name":"conn","sex":"1","phone":"18782271516","head_img":"\/Upload\/2018-05-08\/5af14461048cc.jpg","is_official":"0","status":"1","inputtime":"2018-05-09 10:26:03","activity_cate_name":"AA"}]}


请求地址:Api/getUserCollection
请求时间:2018-05-10 10:07:28
请求参数:{"user_id":"174","timeStamp":"2018-05-10 10:07:27","sign":"NThkZWU0YzgwMzkzYjU5MDI2ZmRjNjg5MTYzZTQ2YmY="}
加密前:2018-05-10 10:07:27174
加密后:NThkZWU0YzgwMzkzYjU5MDI2ZmRjNjg5MTYzZTQ2YmY=
返回数据:{"code":200,"message":"\u6210\u529f","data":[{"collection_id":"30","activity_id":"224","title":"\u770b\u7535\u5f71","activity_cate_id":"3","category_id":"1116","merchants_id":null,"join_number":"1","content":"","activity_inputtime":"2018-05-08 13:09:19","sort":"0","activity_status":"0","activity_start_time":"2018-05-09 18:00:00","activity_address":"\u6b66\u4faf\u533a\u6842\u6eaa\u8857\u9053\u5927\u57ce\u9645(\u5409\u6cf0\u8def)\u94f6\u6cf0\u57ce","activity_longitude":"104.059155","activity_latitude":"30.541111","user_id":"137","user_name":"conn","sex":"1","phone":"18782271516","head_img":"\/Upload\/2018-05-08\/5af14461048cc.jpg","is_official":"0","status":"1","inputtime":"2018-05-09 10:26:03","activity_cate_name":"AA"}]}


请求地址:Api/getUserCollection
请求时间:2018-05-10 10:11:56
请求参数:{"user_id":"174","timeStamp":"2018-05-10 10:11:56","sign":"ODk4Y2ZhODk5MDk0N2E3NzMxZDlhMGJiMDMxZmJmOGQ="}
加密前:2018-05-10 10:11:56174
加密后:ODk4Y2ZhODk5MDk0N2E3NzMxZDlhMGJiMDMxZmJmOGQ=
返回数据:{"code":200,"message":"\u6210\u529f","data":[{"collection_id":"30","activity_id":"224","title":"\u770b\u7535\u5f71","activity_cate_id":"3","category_id":"1116","merchants_id":null,"join_number":"1","content":"","activity_inputtime":"2018-05-08 13:09:19","sort":"0","activity_status":"0","activity_start_time":"2018-05-09 18:00:00","activity_address":"\u6b66\u4faf\u533a\u6842\u6eaa\u8857\u9053\u5927\u57ce\u9645(\u5409\u6cf0\u8def)\u94f6\u6cf0\u57ce","activity_longitude":"104.059155","activity_latitude":"30.541111","user_id":"137","user_name":"conn","sex":"1","phone":"18782271516","head_img":"\/Upload\/2018-05-08\/5af14461048cc.jpg","is_official":"0","status":"1","inputtime":"2018-05-09 10:26:03","activity_cate_name":"AA"}]}


请求地址:Api/getUserCollection
请求时间:2018-05-10 10:11:57
请求参数:{"user_id":"174","timeStamp":"2018-05-10 10:11:56","sign":"ODk4Y2ZhODk5MDk0N2E3NzMxZDlhMGJiMDMxZmJmOGQ="}
加密前:2018-05-10 10:11:56174
加密后:ODk4Y2ZhODk5MDk0N2E3NzMxZDlhMGJiMDMxZmJmOGQ=
返回数据:{"code":200,"message":"\u6210\u529f","data":[{"collection_id":"30","activity_id":"224","title":"\u770b\u7535\u5f71","activity_cate_id":"3","category_id":"1116","merchants_id":null,"join_number":"1","content":"","activity_inputtime":"2018-05-08 13:09:19","sort":"0","activity_status":"0","activity_start_time":"2018-05-09 18:00:00","activity_address":"\u6b66\u4faf\u533a\u6842\u6eaa\u8857\u9053\u5927\u57ce\u9645(\u5409\u6cf0\u8def)\u94f6\u6cf0\u57ce","activity_longitude":"104.059155","activity_latitude":"30.541111","user_id":"137","user_name":"conn","sex":"1","phone":"18782271516","head_img":"\/Upload\/2018-05-08\/5af14461048cc.jpg","is_official":"0","status":"1","inputtime":"2018-05-09 10:26:03","activity_cate_name":"AA"}]}


请求地址:Api/getUserInfo
请求时间:2018-05-10 10:42:14
请求参数:{"timeStamp":"2018-05-10 10:42:15","id":"174","sign":"ODE5MmIyZDQzYWNiMDYzZGVlOWM0N2UxMTFkNjZlNjI="}
加密前:1742018-05-10 10:42:15
加密后:ODE5MmIyZDQzYWNiMDYzZGVlOWM0N2UxMTFkNjZlNjI=
返回数据:{"code":200,"message":"\u6210\u529f","data":{"id":"174","user_name":"conn","password":null,"id_card":null,"openid":"ofgtxxG1QbDTnj5fjVtNJWzm8KEk","unionid":"obFBn1C1f9OnN4OeNRaF87MrfrzQ","real_name":null,"phone":"18782271516","qq":null,"email":null,"age":"0","sex":"1","head_img":"\/Upload\/2018-05-08\/5af14461048cc.jpg","address":"\u56db\u5ddd\u7701-\u6210\u90fd\u5e02-\u6b66\u4faf\u533a","subscribe":"1","is_robot":"0","source":null,"status":"1","inputtime":"2018-04-28 20:29:08","lost_login_time":"2018-05-08 18:08:17","personality_sign":"\u554a\u5b9e\u6253\u5b9e\u6539\u597d\u4ef7\u683c\u53d1\u58eb\u5927\u592b\u5de5\u4f1a\u7ecf\u8d39reek\u4efb\u4f55\u4eba\u662f\u7684\u53cd\u6fc0\u52a8\u5242\u54e6\u6211\u8272\u5f31\u7ba1\u5bb6\u5a46\u7279\u5c14 ","is_official":"0"}}


请求地址:Api/getUserInfo
请求时间:2018-05-10 10:43:27
请求参数:{"timeStamp":"2018-05-10 10:43:28","id":"174","sign":"Y2NmMWRlNGQwNTIxYmIxZGY3MjJmMGU1ODU0N2FjN2Y="}
加密前:1742018-05-10 10:43:28
加密后:Y2NmMWRlNGQwNTIxYmIxZGY3MjJmMGU1ODU0N2FjN2Y=
返回数据:{"code":200,"message":"\u6210\u529f","data":{"id":"174","user_name":"conn","password":null,"id_card":null,"openid":"ofgtxxG1QbDTnj5fjVtNJWzm8KEk","unionid":"obFBn1C1f9OnN4OeNRaF87MrfrzQ","real_name":null,"phone":"18782271516","qq":null,"email":null,"age":"0","sex":"1","head_img":"\/Upload\/2018-05-08\/5af14461048cc.jpg","address":"\u56db\u5ddd\u7701-\u6210\u90fd\u5e02-\u6b66\u4faf\u533a","subscribe":"1","is_robot":"0","source":null,"status":"1","inputtime":"2018-04-28 20:29:08","lost_login_time":"2018-05-08 18:08:17","personality_sign":"\u554a\u5b9e\u6253\u5b9e\u6539\u597d\u4ef7\u683c\u53d1\u58eb\u5927\u592b\u5de5\u4f1a\u7ecf\u8d39reek\u4efb\u4f55\u4eba\u662f\u7684\u53cd\u6fc0\u52a8\u5242\u54e6\u6211\u8272\u5f31\u7ba1\u5bb6\u5a46\u7279\u5c14 ","is_official":"0"}}


请求地址:Api/getUserInfo
请求时间:2018-05-10 10:45:04
请求参数:{"timeStamp":"2018-05-10 10:45:06","id":"174","sign":"NWIxZTcyNTY2M2Q0NWE0ZDY2NGRiOWE0ZGQ1NmQ0MmY="}
加密前:1742018-05-10 10:45:06
加密后:NWIxZTcyNTY2M2Q0NWE0ZDY2NGRiOWE0ZGQ1NmQ0MmY=
返回数据:{"code":200,"message":"\u6210\u529f","data":{"id":"174","user_name":"conn","password":null,"id_card":null,"openid":"ofgtxxG1QbDTnj5fjVtNJWzm8KEk","unionid":"obFBn1C1f9OnN4OeNRaF87MrfrzQ","real_name":null,"phone":"18782271516","qq":null,"email":null,"age":"0","sex":"1","head_img":"\/Upload\/2018-05-08\/5af14461048cc.jpg","address":"\u56db\u5ddd\u7701-\u6210\u90fd\u5e02-\u6b66\u4faf\u533a","subscribe":"1","is_robot":"0","source":null,"status":"1","inputtime":"2018-04-28 20:29:08","lost_login_time":"2018-05-08 18:08:17","personality_sign":"\u554a\u5b9e\u6253\u5b9e\u6539\u597d\u4ef7\u683c\u53d1\u58eb\u5927\u592b\u5de5\u4f1a\u7ecf\u8d39reek\u4efb\u4f55\u4eba\u662f\u7684\u53cd\u6fc0\u52a8\u5242\u54e6\u6211\u8272\u5f31\u7ba1\u5bb6\u5a46\u7279\u5c14 ","is_official":"0"}}


请求地址:Api/getUserInfo
请求时间:2018-05-10 10:45:10
请求参数:{"timeStamp":"2018-05-10 10:45:12","id":"174","sign":"MTYyYzdkMjYzNjJiMGI3MTE4YzQ1ZmZjMWQ3M2YxZTQ="}
加密前:1742018-05-10 10:45:12
加密后:MTYyYzdkMjYzNjJiMGI3MTE4YzQ1ZmZjMWQ3M2YxZTQ=
返回数据:{"code":200,"message":"\u6210\u529f","data":{"id":"174","user_name":"conn","password":null,"id_card":null,"openid":"ofgtxxG1QbDTnj5fjVtNJWzm8KEk","unionid":"obFBn1C1f9OnN4OeNRaF87MrfrzQ","real_name":null,"phone":"18782271516","qq":null,"email":null,"age":"0","sex":"1","head_img":"\/Upload\/2018-05-08\/5af14461048cc.jpg","address":"\u56db\u5ddd\u7701-\u6210\u90fd\u5e02-\u6b66\u4faf\u533a","subscribe":"1","is_robot":"0","source":null,"status":"1","inputtime":"2018-04-28 20:29:08","lost_login_time":"2018-05-08 18:08:17","personality_sign":"\u554a\u5b9e\u6253\u5b9e\u6539\u597d\u4ef7\u683c\u53d1\u58eb\u5927\u592b\u5de5\u4f1a\u7ecf\u8d39reek\u4efb\u4f55\u4eba\u662f\u7684\u53cd\u6fc0\u52a8\u5242\u54e6\u6211\u8272\u5f31\u7ba1\u5bb6\u5a46\u7279\u5c14 ","is_official":"0"}}


请求地址:Api/getUserInfo
请求时间:2018-05-10 10:45:12
请求参数:{"timeStamp":"2018-05-10 10:45:14","id":"174","sign":"YTQwNTEzN2ViN2MxOWQ2ZjNkMmQ0M2ZlMWZjNzFlYTg="}
加密前:1742018-05-10 10:45:14
加密后:YTQwNTEzN2ViN2MxOWQ2ZjNkMmQ0M2ZlMWZjNzFlYTg=
返回数据:{"code":200,"message":"\u6210\u529f","data":{"id":"174","user_name":"conn","password":null,"id_card":null,"openid":"ofgtxxG1QbDTnj5fjVtNJWzm8KEk","unionid":"obFBn1C1f9OnN4OeNRaF87MrfrzQ","real_name":null,"phone":"18782271516","qq":null,"email":null,"age":"0","sex":"1","head_img":"\/Upload\/2018-05-08\/5af14461048cc.jpg","address":"\u56db\u5ddd\u7701-\u6210\u90fd\u5e02-\u6b66\u4faf\u533a","subscribe":"1","is_robot":"0","source":null,"status":"1","inputtime":"2018-04-28 20:29:08","lost_login_time":"2018-05-08 18:08:17","personality_sign":"\u554a\u5b9e\u6253\u5b9e\u6539\u597d\u4ef7\u683c\u53d1\u58eb\u5927\u592b\u5de5\u4f1a\u7ecf\u8d39reek\u4efb\u4f55\u4eba\u662f\u7684\u53cd\u6fc0\u52a8\u5242\u54e6\u6211\u8272\u5f31\u7ba1\u5bb6\u5a46\u7279\u5c14 ","is_official":"0"}}


请求地址:Api/getUserInfo
请求时间:2018-05-10 10:45:54
请求参数:{"timeStamp":"2018-05-10 10:45:56","id":"174","sign":"NzE0ZWJhMWU0MjkxYjA2YjlmODZhZjc1NWIxZjkyYjY="}
加密前:1742018-05-10 10:45:56
加密后:NzE0ZWJhMWU0MjkxYjA2YjlmODZhZjc1NWIxZjkyYjY=
返回数据:{"code":200,"message":"\u6210\u529f","data":{"id":"174","user_name":"conn","password":null,"id_card":null,"openid":"ofgtxxG1QbDTnj5fjVtNJWzm8KEk","unionid":"obFBn1C1f9OnN4OeNRaF87MrfrzQ","real_name":null,"phone":"18782271516","qq":null,"email":null,"age":"0","sex":"1","head_img":"\/Upload\/2018-05-08\/5af14461048cc.jpg","address":"\u56db\u5ddd\u7701-\u6210\u90fd\u5e02-\u6b66\u4faf\u533a","subscribe":"1","is_robot":"0","source":null,"status":"1","inputtime":"2018-04-28 20:29:08","lost_login_time":"2018-05-08 18:08:17","personality_sign":"\u554a\u5b9e\u6253\u5b9e\u6539\u597d\u4ef7\u683c\u53d1\u58eb\u5927\u592b\u5de5\u4f1a\u7ecf\u8d39reek\u4efb\u4f55\u4eba\u662f\u7684\u53cd\u6fc0\u52a8\u5242\u54e6\u6211\u8272\u5f31\u7ba1\u5bb6\u5a46\u7279\u5c14 ","is_official":"0"}}


请求地址:Api/getUserInfo
请求时间:2018-05-10 10:47:02
请求参数:{"timeStamp":"2018-05-10 10:47:03","id":"174","sign":"ZDRkYWQ2ZTM1ZTA1NTU1ZDZjMDU5NDgxZTQ5NmMyOGM="}
加密前:1742018-05-10 10:47:03
加密后:ZDRkYWQ2ZTM1ZTA1NTU1ZDZjMDU5NDgxZTQ5NmMyOGM=
返回数据:{"code":200,"message":"\u6210\u529f","data":{"id":"174","user_name":"conn","password":null,"id_card":null,"openid":"ofgtxxG1QbDTnj5fjVtNJWzm8KEk","unionid":"obFBn1C1f9OnN4OeNRaF87MrfrzQ","real_name":null,"phone":"18782271516","qq":null,"email":null,"age":"0","sex":"1","head_img":"\/Upload\/2018-05-08\/5af14461048cc.jpg","address":"\u56db\u5ddd\u7701-\u6210\u90fd\u5e02-\u6b66\u4faf\u533a","subscribe":"1","is_robot":"0","source":null,"status":"1","inputtime":"2018-04-28 20:29:08","lost_login_time":"2018-05-08 18:08:17","personality_sign":"\u554a\u5b9e\u6253\u5b9e\u6539\u597d\u4ef7\u683c\u53d1\u58eb\u5927\u592b\u5de5\u4f1a\u7ecf\u8d39reek\u4efb\u4f55\u4eba\u662f\u7684\u53cd\u6fc0\u52a8\u5242\u54e6\u6211\u8272\u5f31\u7ba1\u5bb6\u5a46\u7279\u5c14 ","is_official":"0"}}


请求地址:Api/getUserInfo
请求时间:2018-05-10 10:48:13
请求参数:{"timeStamp":"2018-05-10 10:48:14","id":"174","sign":"MGE0NzgxMzI2NzExMGM5YTUzYTYxMWIwODM3Njc3ODM="}
加密前:1742018-05-10 10:48:14
加密后:MGE0NzgxMzI2NzExMGM5YTUzYTYxMWIwODM3Njc3ODM=
返回数据:{"code":200,"message":"\u6210\u529f","data":{"id":"174","user_name":"conn","password":null,"id_card":null,"openid":"ofgtxxG1QbDTnj5fjVtNJWzm8KEk","unionid":"obFBn1C1f9OnN4OeNRaF87MrfrzQ","real_name":null,"phone":"18782271516","qq":null,"email":null,"age":"0","sex":"1","head_img":"\/Upload\/2018-05-08\/5af14461048cc.jpg","address":"\u56db\u5ddd\u7701-\u6210\u90fd\u5e02-\u6b66\u4faf\u533a","subscribe":"1","is_robot":"0","source":null,"status":"1","inputtime":"2018-04-28 20:29:08","lost_login_time":"2018-05-08 18:08:17","personality_sign":"\u554a\u5b9e\u6253\u5b9e\u6539\u597d\u4ef7\u683c\u53d1\u58eb\u5927\u592b\u5de5\u4f1a\u7ecf\u8d39reek\u4efb\u4f55\u4eba\u662f\u7684\u53cd\u6fc0\u52a8\u5242\u54e6\u6211\u8272\u5f31\u7ba1\u5bb6\u5a46\u7279\u5c14 ","is_official":"0"}}


请求地址:Api/getUserInfo
请求时间:2018-05-10 10:48:45
请求参数:{"timeStamp":"2018-05-10 10:48:46","id":"174","sign":"NjY4MTkzZTdlZmQxYzE1MDVmZWNjMmY1OTMzZmQ4YTQ="}
加密前:1742018-05-10 10:48:46
加密后:NjY4MTkzZTdlZmQxYzE1MDVmZWNjMmY1OTMzZmQ4YTQ=
返回数据:{"code":200,"message":"\u6210\u529f","data":{"id":"174","user_name":"conn","password":null,"id_card":null,"openid":"ofgtxxG1QbDTnj5fjVtNJWzm8KEk","unionid":"obFBn1C1f9OnN4OeNRaF87MrfrzQ","real_name":null,"phone":"18782271516","qq":null,"email":null,"age":"0","sex":"1","head_img":"\/Upload\/2018-05-08\/5af14461048cc.jpg","address":"\u56db\u5ddd\u7701-\u6210\u90fd\u5e02-\u6b66\u4faf\u533a","subscribe":"1","is_robot":"0","source":null,"status":"1","inputtime":"2018-04-28 20:29:08","lost_login_time":"2018-05-08 18:08:17","personality_sign":"\u554a\u5b9e\u6253\u5b9e\u6539\u597d\u4ef7\u683c\u53d1\u58eb\u5927\u592b\u5de5\u4f1a\u7ecf\u8d39reek\u4efb\u4f55\u4eba\u662f\u7684\u53cd\u6fc0\u52a8\u5242\u54e6\u6211\u8272\u5f31\u7ba1\u5bb6\u5a46\u7279\u5c14 ","is_official":"0"}}


请求地址:Api/getUserInfo
请求时间:2018-05-10 10:50:37
请求参数:{"timeStamp":"2018-05-10 10:50:39","id":"174","sign":"NzdlMGFjNDkxODA4Y2FjODc1YjVhYmQzYjFlMWM2ZGU="}
加密前:1742018-05-10 10:50:39
加密后:NzdlMGFjNDkxODA4Y2FjODc1YjVhYmQzYjFlMWM2ZGU=
返回数据:{"code":200,"message":"\u6210\u529f","data":{"id":"174","user_name":"conn","password":null,"id_card":null,"openid":"ofgtxxG1QbDTnj5fjVtNJWzm8KEk","unionid":"obFBn1C1f9OnN4OeNRaF87MrfrzQ","real_name":null,"phone":"18782271516","qq":null,"email":null,"age":"0","sex":"1","head_img":"\/Upload\/2018-05-08\/5af14461048cc.jpg","address":"\u56db\u5ddd\u7701-\u6210\u90fd\u5e02-\u6b66\u4faf\u533a","subscribe":"1","is_robot":"0","source":null,"status":"1","inputtime":"2018-04-28 20:29:08","lost_login_time":"2018-05-08 18:08:17","personality_sign":"\u554a\u5b9e\u6253\u5b9e\u6539\u597d\u4ef7\u683c\u53d1\u58eb\u5927\u592b\u5de5\u4f1a\u7ecf\u8d39reek\u4efb\u4f55\u4eba\u662f\u7684\u53cd\u6fc0\u52a8\u5242\u54e6\u6211\u8272\u5f31\u7ba1\u5bb6\u5a46\u7279\u5c14 ","is_official":"0"}}


请求地址:Api/getUserInfo
请求时间:2018-05-10 10:50:41
请求参数:{"timeStamp":"2018-05-10 10:50:43","id":"174","sign":"MDBkOWFlNjY1Y2NjMDZmZGE3MDMxMzM2ODg4YmJmOTI="}
加密前:1742018-05-10 10:50:43
加密后:MDBkOWFlNjY1Y2NjMDZmZGE3MDMxMzM2ODg4YmJmOTI=
返回数据:{"code":200,"message":"\u6210\u529f","data":{"id":"174","user_name":"conn","password":null,"id_card":null,"openid":"ofgtxxG1QbDTnj5fjVtNJWzm8KEk","unionid":"obFBn1C1f9OnN4OeNRaF87MrfrzQ","real_name":null,"phone":"18782271516","qq":null,"email":null,"age":"0","sex":"1","head_img":"\/Upload\/2018-05-08\/5af14461048cc.jpg","address":"\u56db\u5ddd\u7701-\u6210\u90fd\u5e02-\u6b66\u4faf\u533a","subscribe":"1","is_robot":"0","source":null,"status":"1","inputtime":"2018-04-28 20:29:08","lost_login_time":"2018-05-08 18:08:17","personality_sign":"\u554a\u5b9e\u6253\u5b9e\u6539\u597d\u4ef7\u683c\u53d1\u58eb\u5927\u592b\u5de5\u4f1a\u7ecf\u8d39reek\u4efb\u4f55\u4eba\u662f\u7684\u53cd\u6fc0\u52a8\u5242\u54e6\u6211\u8272\u5f31\u7ba1\u5bb6\u5a46\u7279\u5c14 ","is_official":"0"}}


请求地址:Api/getUserInfo
请求时间:2018-05-10 10:51:01
请求参数:{"timeStamp":"2018-05-10 10:51:02","id":"174","sign":"OWU4YzQzOTJkOTIxNGE0MmIwOGY0MDE0NWNkYmFjZDU="}
加密前:1742018-05-10 10:51:02
加密后:OWU4YzQzOTJkOTIxNGE0MmIwOGY0MDE0NWNkYmFjZDU=
返回数据:{"code":200,"message":"\u6210\u529f","data":{"id":"174","user_name":"conn","password":null,"id_card":null,"openid":"ofgtxxG1QbDTnj5fjVtNJWzm8KEk","unionid":"obFBn1C1f9OnN4OeNRaF87MrfrzQ","real_name":null,"phone":"18782271516","qq":null,"email":null,"age":"0","sex":"1","head_img":"\/Upload\/2018-05-08\/5af14461048cc.jpg","address":"\u56db\u5ddd\u7701-\u6210\u90fd\u5e02-\u6b66\u4faf\u533a","subscribe":"1","is_robot":"0","source":null,"status":"1","inputtime":"2018-04-28 20:29:08","lost_login_time":"2018-05-08 18:08:17","personality_sign":"\u554a\u5b9e\u6253\u5b9e\u6539\u597d\u4ef7\u683c\u53d1\u58eb\u5927\u592b\u5de5\u4f1a\u7ecf\u8d39reek\u4efb\u4f55\u4eba\u662f\u7684\u53cd\u6fc0\u52a8\u5242\u54e6\u6211\u8272\u5f31\u7ba1\u5bb6\u5a46\u7279\u5c14 ","is_official":"0"}}


请求地址:Api/getUserInfo
请求时间:2018-05-10 10:51:19
请求参数:{"timeStamp":"2018-05-10 10:51:20","id":"174","sign":"ZTQzZDRiOWJiZjVmYTE3ZWQyYTY4MGI2MWMwZjAxNDE="}
加密前:1742018-05-10 10:51:20
加密后:ZTQzZDRiOWJiZjVmYTE3ZWQyYTY4MGI2MWMwZjAxNDE=
返回数据:{"code":200,"message":"\u6210\u529f","data":{"id":"174","user_name":"conn","password":null,"id_card":null,"openid":"ofgtxxG1QbDTnj5fjVtNJWzm8KEk","unionid":"obFBn1C1f9OnN4OeNRaF87MrfrzQ","real_name":null,"phone":"18782271516","qq":null,"email":null,"age":"0","sex":"1","head_img":"\/Upload\/2018-05-08\/5af14461048cc.jpg","address":"\u56db\u5ddd\u7701-\u6210\u90fd\u5e02-\u6b66\u4faf\u533a","subscribe":"1","is_robot":"0","source":null,"status":"1","inputtime":"2018-04-28 20:29:08","lost_login_time":"2018-05-08 18:08:17","personality_sign":"\u554a\u5b9e\u6253\u5b9e\u6539\u597d\u4ef7\u683c\u53d1\u58eb\u5927\u592b\u5de5\u4f1a\u7ecf\u8d39reek\u4efb\u4f55\u4eba\u662f\u7684\u53cd\u6fc0\u52a8\u5242\u54e6\u6211\u8272\u5f31\u7ba1\u5bb6\u5a46\u7279\u5c14 ","is_official":"0"}}


请求地址:Api/getUserInfo
请求时间:2018-05-10 10:51:36
请求参数:{"timeStamp":"2018-05-10 10:51:38","id":"174","sign":"YzJkNGUzZDdjMTc1NmI5M2ZmMWEyNzI4Y2VjMGZiZGI="}
加密前:1742018-05-10 10:51:38
加密后:YzJkNGUzZDdjMTc1NmI5M2ZmMWEyNzI4Y2VjMGZiZGI=
返回数据:{"code":200,"message":"\u6210\u529f","data":{"id":"174","user_name":"conn","password":null,"id_card":null,"openid":"ofgtxxG1QbDTnj5fjVtNJWzm8KEk","unionid":"obFBn1C1f9OnN4OeNRaF87MrfrzQ","real_name":null,"phone":"18782271516","qq":null,"email":null,"age":"0","sex":"1","head_img":"\/Upload\/2018-05-08\/5af14461048cc.jpg","address":"\u56db\u5ddd\u7701-\u6210\u90fd\u5e02-\u6b66\u4faf\u533a","subscribe":"1","is_robot":"0","source":null,"status":"1","inputtime":"2018-04-28 20:29:08","lost_login_time":"2018-05-08 18:08:17","personality_sign":"\u554a\u5b9e\u6253\u5b9e\u6539\u597d\u4ef7\u683c\u53d1\u58eb\u5927\u592b\u5de5\u4f1a\u7ecf\u8d39reek\u4efb\u4f55\u4eba\u662f\u7684\u53cd\u6fc0\u52a8\u5242\u54e6\u6211\u8272\u5f31\u7ba1\u5bb6\u5a46\u7279\u5c14 ","is_official":"0"}}


请求地址:Api/getUserInfo
请求时间:2018-05-10 10:51:43
请求参数:{"timeStamp":"2018-05-10 10:51:45","id":"174","sign":"OTMyYzBlNzhkODk3NDRhZTM5MDc0NzEzNDhmY2EzNWM="}
加密前:1742018-05-10 10:51:45
加密后:OTMyYzBlNzhkODk3NDRhZTM5MDc0NzEzNDhmY2EzNWM=
返回数据:{"code":200,"message":"\u6210\u529f","data":{"id":"174","user_name":"conn","password":null,"id_card":null,"openid":"ofgtxxG1QbDTnj5fjVtNJWzm8KEk","unionid":"obFBn1C1f9OnN4OeNRaF87MrfrzQ","real_name":null,"phone":"18782271516","qq":null,"email":null,"age":"0","sex":"1","head_img":"\/Upload\/2018-05-08\/5af14461048cc.jpg","address":"\u56db\u5ddd\u7701-\u6210\u90fd\u5e02-\u6b66\u4faf\u533a","subscribe":"1","is_robot":"0","source":null,"status":"1","inputtime":"2018-04-28 20:29:08","lost_login_time":"2018-05-08 18:08:17","personality_sign":"\u554a\u5b9e\u6253\u5b9e\u6539\u597d\u4ef7\u683c\u53d1\u58eb\u5927\u592b\u5de5\u4f1a\u7ecf\u8d39reek\u4efb\u4f55\u4eba\u662f\u7684\u53cd\u6fc0\u52a8\u5242\u54e6\u6211\u8272\u5f31\u7ba1\u5bb6\u5a46\u7279\u5c14 ","is_official":"0"}}


请求地址:Api/getUserCollection
请求时间:2018-05-10 10:54:34
请求参数:{"user_id":"174","timeStamp":"2018-05-10 10:54:34","sign":"ZDZmZTFjYTY1NDgyNjc4ZmI1NzQ0NDM2OTU2ZDYxMWI="}
加密前:2018-05-10 10:54:34174
加密后:ZDZmZTFjYTY1NDgyNjc4ZmI1NzQ0NDM2OTU2ZDYxMWI=
返回数据:{"code":200,"message":"\u6210\u529f","data":[{"collection_id":"30","activity_id":"224","title":"\u770b\u7535\u5f71","activity_cate_id":"3","category_id":"1116","merchants_id":null,"join_number":"1","content":"","activity_inputtime":"2018-05-08 13:09:19","sort":"0","activity_status":"0","activity_start_time":"2018-05-09 18:00:00","activity_address":"\u6b66\u4faf\u533a\u6842\u6eaa\u8857\u9053\u5927\u57ce\u9645(\u5409\u6cf0\u8def)\u94f6\u6cf0\u57ce","activity_longitude":"104.059155","activity_latitude":"30.541111","user_id":"137","user_name":"conn","sex":"1","phone":"18782271516","head_img":"\/Upload\/2018-05-08\/5af14461048cc.jpg","is_official":"0","status":"1","inputtime":"2018-05-09 10:26:03","activity_cate_name":"AA"}]}


请求地址:Api/getUserCollection
请求时间:2018-05-10 10:55:13
请求参数:{"user_id":"174","timeStamp":"2018-05-10 10:55:13","sign":"MzdlZjU0NjUzODU2MjBmMDFmN2FlZmY1NTZmMjJhZmI="}
加密前:2018-05-10 10:55:13174
加密后:MzdlZjU0NjUzODU2MjBmMDFmN2FlZmY1NTZmMjJhZmI=
返回数据:{"code":200,"message":"\u6210\u529f","data":[{"collection_id":"30","activity_id":"224","title":"\u770b\u7535\u5f71","activity_cate_id":"3","category_id":"1116","merchants_id":null,"join_number":"1","content":"","activity_inputtime":"2018-05-08 13:09:19","sort":"0","activity_status":"0","activity_start_time":"2018-05-09 18:00:00","activity_address":"\u6b66\u4faf\u533a\u6842\u6eaa\u8857\u9053\u5927\u57ce\u9645(\u5409\u6cf0\u8def)\u94f6\u6cf0\u57ce","activity_longitude":"104.059155","activity_latitude":"30.541111","user_id":"137","user_name":"conn","sex":"1","phone":"18782271516","head_img":"\/Upload\/2018-05-08\/5af14461048cc.jpg","is_official":"0","status":"1","inputtime":"2018-05-09 10:26:03","activity_cate_name":"AA"}]}


请求地址:Api/getUserInfo
请求时间:2018-05-10 10:56:32
请求参数:{"timeStamp":"2018-05-10 10:56:34","id":"174","sign":"ZTM2YTM2OGU3ZTBmMmM0Yjg3OTg0YWJiNzE4ZTllMjU="}
加密前:1742018-05-10 10:56:34
加密后:ZTM2YTM2OGU3ZTBmMmM0Yjg3OTg0YWJiNzE4ZTllMjU=
返回数据:{"code":200,"message":"\u6210\u529f","data":{"id":"174","user_name":"conn","password":null,"id_card":null,"openid":"ofgtxxG1QbDTnj5fjVtNJWzm8KEk","unionid":"obFBn1C1f9OnN4OeNRaF87MrfrzQ","real_name":null,"phone":"18782271516","qq":null,"email":null,"age":"0","sex":"1","head_img":"\/Upload\/2018-05-08\/5af14461048cc.jpg","address":"\u56db\u5ddd\u7701-\u6210\u90fd\u5e02-\u6b66\u4faf\u533a","subscribe":"1","is_robot":"0","source":null,"status":"1","inputtime":"2018-04-28 20:29:08","lost_login_time":"2018-05-08 18:08:17","personality_sign":"\u554a\u5b9e\u6253\u5b9e\u6539\u597d\u4ef7\u683c\u53d1\u58eb\u5927\u592b\u5de5\u4f1a\u7ecf\u8d39reek\u4efb\u4f55\u4eba\u662f\u7684\u53cd\u6fc0\u52a8\u5242\u54e6\u6211\u8272\u5f31\u7ba1\u5bb6\u5a46\u7279\u5c14 ","is_official":"0"}}


请求地址:Api/getUserCollection
请求时间:2018-05-10 10:58:30
请求参数:{"user_id":"174","timeStamp":"2018-05-10 10:58:30","sign":"ZDIzNDBmMzIxZDUxM2Q0MTc2MGJhYTJkMGFiZDBmNTI="}
加密前:2018-05-10 10:58:30174
加密后:ZDIzNDBmMzIxZDUxM2Q0MTc2MGJhYTJkMGFiZDBmNTI=
返回数据:{"code":200,"message":"\u6210\u529f","data":[{"collection_id":"30","activity_id":"224","title":"\u770b\u7535\u5f71","activity_cate_id":"3","category_id":"1116","merchants_id":null,"join_number":"1","content":"","activity_inputtime":"2018-05-08 13:09:19","sort":"0","activity_status":"0","activity_start_time":"2018-05-09 18:00:00","activity_address":"\u6b66\u4faf\u533a\u6842\u6eaa\u8857\u9053\u5927\u57ce\u9645(\u5409\u6cf0\u8def)\u94f6\u6cf0\u57ce","activity_longitude":"104.059155","activity_latitude":"30.541111","user_id":"137","user_name":"conn","sex":"1","phone":"18782271516","head_img":"\/Upload\/2018-05-08\/5af14461048cc.jpg","is_official":"0","status":"1","inputtime":"2018-05-09 10:26:03","activity_cate_name":"AA"}]}


请求地址:Api/getUserCollection
请求时间:2018-05-10 10:58:30
请求参数:{"user_id":"174","timeStamp":"2018-05-10 10:58:30","sign":"ZDIzNDBmMzIxZDUxM2Q0MTc2MGJhYTJkMGFiZDBmNTI="}
加密前:2018-05-10 10:58:30174
加密后:ZDIzNDBmMzIxZDUxM2Q0MTc2MGJhYTJkMGFiZDBmNTI=
返回数据:{"code":200,"message":"\u6210\u529f","data":[{"collection_id":"30","activity_id":"224","title":"\u770b\u7535\u5f71","activity_cate_id":"3","category_id":"1116","merchants_id":null,"join_number":"1","content":"","activity_inputtime":"2018-05-08 13:09:19","sort":"0","activity_status":"0","activity_start_time":"2018-05-09 18:00:00","activity_address":"\u6b66\u4faf\u533a\u6842\u6eaa\u8857\u9053\u5927\u57ce\u9645(\u5409\u6cf0\u8def)\u94f6\u6cf0\u57ce","activity_longitude":"104.059155","activity_latitude":"30.541111","user_id":"137","user_name":"conn","sex":"1","phone":"18782271516","head_img":"\/Upload\/2018-05-08\/5af14461048cc.jpg","is_official":"0","status":"1","inputtime":"2018-05-09 10:26:03","activity_cate_name":"AA"}]}


请求地址:Api/getUserInfo
请求时间:2018-05-10 11:01:07
请求参数:{"timeStamp":"2018-05-10 11:01:09","id":"174","sign":"Zjk2YmJjOTU3MjUyZDA2YTQ1YTdjZGMyZTdjYTFhOGM="}
加密前:1742018-05-10 11:01:09
加密后:Zjk2YmJjOTU3MjUyZDA2YTQ1YTdjZGMyZTdjYTFhOGM=
返回数据:{"code":200,"message":"\u6210\u529f","data":{"id":"174","user_name":"conn","password":null,"id_card":null,"openid":"ofgtxxG1QbDTnj5fjVtNJWzm8KEk","unionid":"obFBn1C1f9OnN4OeNRaF87MrfrzQ","real_name":null,"phone":"18782271516","qq":null,"email":null,"age":"0","sex":"1","head_img":"\/Upload\/2018-05-08\/5af14461048cc.jpg","address":"\u56db\u5ddd\u7701-\u6210\u90fd\u5e02-\u6b66\u4faf\u533a","subscribe":"1","is_robot":"0","source":null,"status":"1","inputtime":"2018-04-28 20:29:08","lost_login_time":"2018-05-08 18:08:17","personality_sign":"\u554a\u5b9e\u6253\u5b9e\u6539\u597d\u4ef7\u683c\u53d1\u58eb\u5927\u592b\u5de5\u4f1a\u7ecf\u8d39reek\u4efb\u4f55\u4eba\u662f\u7684\u53cd\u6fc0\u52a8\u5242\u54e6\u6211\u8272\u5f31\u7ba1\u5bb6\u5a46\u7279\u5c14 ","is_official":"0"}}


请求地址:Api/getUserInfo
请求时间:2018-05-10 11:01:39
请求参数:{"timeStamp":"2018-05-10 11:01:40","id":"174","sign":"OTdhYjJjOTE4Y2RjZmYzNzFmMGRkZDY5ODM1ZDgxZmE="}
加密前:1742018-05-10 11:01:40
加密后:OTdhYjJjOTE4Y2RjZmYzNzFmMGRkZDY5ODM1ZDgxZmE=
返回数据:{"code":200,"message":"\u6210\u529f","data":{"id":"174","user_name":"conn","password":null,"id_card":null,"openid":"ofgtxxG1QbDTnj5fjVtNJWzm8KEk","unionid":"obFBn1C1f9OnN4OeNRaF87MrfrzQ","real_name":null,"phone":"18782271516","qq":null,"email":null,"age":"0","sex":"1","head_img":"\/Upload\/2018-05-08\/5af14461048cc.jpg","address":"\u56db\u5ddd\u7701-\u6210\u90fd\u5e02-\u6b66\u4faf\u533a","subscribe":"1","is_robot":"0","source":null,"status":"1","inputtime":"2018-04-28 20:29:08","lost_login_time":"2018-05-08 18:08:17","personality_sign":"\u554a\u5b9e\u6253\u5b9e\u6539\u597d\u4ef7\u683c\u53d1\u58eb\u5927\u592b\u5de5\u4f1a\u7ecf\u8d39reek\u4efb\u4f55\u4eba\u662f\u7684\u53cd\u6fc0\u52a8\u5242\u54e6\u6211\u8272\u5f31\u7ba1\u5bb6\u5a46\u7279\u5c14 ","is_official":"0"}}


请求地址:Api/getUserCollection
请求时间:2018-05-10 11:01:48
请求参数:{"user_id":"174","timeStamp":"2018-05-10 11:01:48","sign":"MzdiZWQ2M2M3ODBmNjdiMTgzNTgwNDVlNTc1MmQ1MTE="}
加密前:2018-05-10 11:01:48174
加密后:MzdiZWQ2M2M3ODBmNjdiMTgzNTgwNDVlNTc1MmQ1MTE=
返回数据:{"code":200,"message":"\u6210\u529f","data":[{"collection_id":"30","activity_id":"224","title":"\u770b\u7535\u5f71","activity_cate_id":"3","category_id":"1116","merchants_id":null,"join_number":"1","content":"","activity_inputtime":"2018-05-08 13:09:19","sort":"0","activity_status":"0","activity_start_time":"2018-05-09 18:00:00","activity_address":"\u6b66\u4faf\u533a\u6842\u6eaa\u8857\u9053\u5927\u57ce\u9645(\u5409\u6cf0\u8def)\u94f6\u6cf0\u57ce","activity_longitude":"104.059155","activity_latitude":"30.541111","user_id":"137","user_name":"conn","sex":"1","phone":"18782271516","head_img":"\/Upload\/2018-05-08\/5af14461048cc.jpg","is_official":"0","status":"1","inputtime":"2018-05-09 10:26:03","activity_cate_name":"AA"}]}


请求地址:Api/getUserCollection
请求时间:2018-05-10 11:01:49
请求参数:{"user_id":"174","timeStamp":"2018-05-10 11:01:48","sign":"MzdiZWQ2M2M3ODBmNjdiMTgzNTgwNDVlNTc1MmQ1MTE="}
加密前:2018-05-10 11:01:48174
加密后:MzdiZWQ2M2M3ODBmNjdiMTgzNTgwNDVlNTc1MmQ1MTE=
返回数据:{"code":200,"message":"\u6210\u529f","data":[{"collection_id":"30","activity_id":"224","title":"\u770b\u7535\u5f71","activity_cate_id":"3","category_id":"1116","merchants_id":null,"join_number":"1","content":"","activity_inputtime":"2018-05-08 13:09:19","sort":"0","activity_status":"0","activity_start_time":"2018-05-09 18:00:00","activity_address":"\u6b66\u4faf\u533a\u6842\u6eaa\u8857\u9053\u5927\u57ce\u9645(\u5409\u6cf0\u8def)\u94f6\u6cf0\u57ce","activity_longitude":"104.059155","activity_latitude":"30.541111","user_id":"137","user_name":"conn","sex":"1","phone":"18782271516","head_img":"\/Upload\/2018-05-08\/5af14461048cc.jpg","is_official":"0","status":"1","inputtime":"2018-05-09 10:26:03","activity_cate_name":"AA"}]}


请求地址:Api/getUserInfo
请求时间:2018-05-10 11:01:52
请求参数:{"timeStamp":"2018-05-10 11:01:53","id":"174","sign":"MWNlMjhkNWI5MTE4Y2U3MDgxNDBiNDNjZGM5MmNiNGI="}
加密前:1742018-05-10 11:01:53
加密后:MWNlMjhkNWI5MTE4Y2U3MDgxNDBiNDNjZGM5MmNiNGI=
返回数据:{"code":200,"message":"\u6210\u529f","data":{"id":"174","user_name":"conn","password":null,"id_card":null,"openid":"ofgtxxG1QbDTnj5fjVtNJWzm8KEk","unionid":"obFBn1C1f9OnN4OeNRaF87MrfrzQ","real_name":null,"phone":"18782271516","qq":null,"email":null,"age":"0","sex":"1","head_img":"\/Upload\/2018-05-08\/5af14461048cc.jpg","address":"\u56db\u5ddd\u7701-\u6210\u90fd\u5e02-\u6b66\u4faf\u533a","subscribe":"1","is_robot":"0","source":null,"status":"1","inputtime":"2018-04-28 20:29:08","lost_login_time":"2018-05-08 18:08:17","personality_sign":"\u554a\u5b9e\u6253\u5b9e\u6539\u597d\u4ef7\u683c\u53d1\u58eb\u5927\u592b\u5de5\u4f1a\u7ecf\u8d39reek\u4efb\u4f55\u4eba\u662f\u7684\u53cd\u6fc0\u52a8\u5242\u54e6\u6211\u8272\u5f31\u7ba1\u5bb6\u5a46\u7279\u5c14 ","is_official":"0"}}


请求地址:Api/getUserInfo
请求时间:2018-05-10 11:01:54
请求参数:{"timeStamp":"2018-05-10 11:01:55","id":"174","sign":"YzE5YTRhNzkyMzEyNDBmZmFhYTk0OTM3MjMyMzE2ZWI="}
加密前:1742018-05-10 11:01:55
加密后:YzE5YTRhNzkyMzEyNDBmZmFhYTk0OTM3MjMyMzE2ZWI=
返回数据:{"code":200,"message":"\u6210\u529f","data":{"id":"174","user_name":"conn","password":null,"id_card":null,"openid":"ofgtxxG1QbDTnj5fjVtNJWzm8KEk","unionid":"obFBn1C1f9OnN4OeNRaF87MrfrzQ","real_name":null,"phone":"18782271516","qq":null,"email":null,"age":"0","sex":"1","head_img":"\/Upload\/2018-05-08\/5af14461048cc.jpg","address":"\u56db\u5ddd\u7701-\u6210\u90fd\u5e02-\u6b66\u4faf\u533a","subscribe":"1","is_robot":"0","source":null,"status":"1","inputtime":"2018-04-28 20:29:08","lost_login_time":"2018-05-08 18:08:17","personality_sign":"\u554a\u5b9e\u6253\u5b9e\u6539\u597d\u4ef7\u683c\u53d1\u58eb\u5927\u592b\u5de5\u4f1a\u7ecf\u8d39reek\u4efb\u4f55\u4eba\u662f\u7684\u53cd\u6fc0\u52a8\u5242\u54e6\u6211\u8272\u5f31\u7ba1\u5bb6\u5a46\u7279\u5c14 ","is_official":"0"}}


请求地址:Api/getUserInfo
请求时间:2018-05-10 11:01:57
请求参数:{"timeStamp":"2018-05-10 11:01:58","id":"174","sign":"NjA3MmNiMzkzNzBiMDIxOGMxNDQ5ZGYxZWIzMDc5Yjc="}
加密前:1742018-05-10 11:01:58
加密后:NjA3MmNiMzkzNzBiMDIxOGMxNDQ5ZGYxZWIzMDc5Yjc=
返回数据:{"code":200,"message":"\u6210\u529f","data":{"id":"174","user_name":"conn","password":null,"id_card":null,"openid":"ofgtxxG1QbDTnj5fjVtNJWzm8KEk","unionid":"obFBn1C1f9OnN4OeNRaF87MrfrzQ","real_name":null,"phone":"18782271516","qq":null,"email":null,"age":"0","sex":"1","head_img":"\/Upload\/2018-05-08\/5af14461048cc.jpg","address":"\u56db\u5ddd\u7701-\u6210\u90fd\u5e02-\u6b66\u4faf\u533a","subscribe":"1","is_robot":"0","source":null,"status":"1","inputtime":"2018-04-28 20:29:08","lost_login_time":"2018-05-08 18:08:17","personality_sign":"\u554a\u5b9e\u6253\u5b9e\u6539\u597d\u4ef7\u683c\u53d1\u58eb\u5927\u592b\u5de5\u4f1a\u7ecf\u8d39reek\u4efb\u4f55\u4eba\u662f\u7684\u53cd\u6fc0\u52a8\u5242\u54e6\u6211\u8272\u5f31\u7ba1\u5bb6\u5a46\u7279\u5c14 ","is_official":"0"}}


请求地址:Api/getUserCollection
请求时间:2018-05-10 11:02:14
请求参数:{"user_id":"174","timeStamp":"2018-05-10 11:02:14","sign":"NTRhZTkwNGZiYjllMzNkMTY4NDcyYWZjZGJhNjNlMzE="}
加密前:2018-05-10 11:02:14174
加密后:NTRhZTkwNGZiYjllMzNkMTY4NDcyYWZjZGJhNjNlMzE=
返回数据:{"code":200,"message":"\u6210\u529f","data":[{"collection_id":"30","activity_id":"224","title":"\u770b\u7535\u5f71","activity_cate_id":"3","category_id":"1116","merchants_id":null,"join_number":"1","content":"","activity_inputtime":"2018-05-08 13:09:19","sort":"0","activity_status":"0","activity_start_time":"2018-05-09 18:00:00","activity_address":"\u6b66\u4faf\u533a\u6842\u6eaa\u8857\u9053\u5927\u57ce\u9645(\u5409\u6cf0\u8def)\u94f6\u6cf0\u57ce","activity_longitude":"104.059155","activity_latitude":"30.541111","user_id":"137","user_name":"conn","sex":"1","phone":"18782271516","head_img":"\/Upload\/2018-05-08\/5af14461048cc.jpg","is_official":"0","status":"1","inputtime":"2018-05-09 10:26:03","activity_cate_name":"AA"}]}


请求地址:Api/getUserCollection
请求时间:2018-05-10 11:02:14
请求参数:{"user_id":"174","timeStamp":"2018-05-10 11:02:14","sign":"NTRhZTkwNGZiYjllMzNkMTY4NDcyYWZjZGJhNjNlMzE="}
加密前:2018-05-10 11:02:14174
加密后:NTRhZTkwNGZiYjllMzNkMTY4NDcyYWZjZGJhNjNlMzE=
返回数据:{"code":200,"message":"\u6210\u529f","data":[{"collection_id":"30","activity_id":"224","title":"\u770b\u7535\u5f71","activity_cate_id":"3","category_id":"1116","merchants_id":null,"join_number":"1","content":"","activity_inputtime":"2018-05-08 13:09:19","sort":"0","activity_status":"0","activity_start_time":"2018-05-09 18:00:00","activity_address":"\u6b66\u4faf\u533a\u6842\u6eaa\u8857\u9053\u5927\u57ce\u9645(\u5409\u6cf0\u8def)\u94f6\u6cf0\u57ce","activity_longitude":"104.059155","activity_latitude":"30.541111","user_id":"137","user_name":"conn","sex":"1","phone":"18782271516","head_img":"\/Upload\/2018-05-08\/5af14461048cc.jpg","is_official":"0","status":"1","inputtime":"2018-05-09 10:26:03","activity_cate_name":"AA"}]}


请求地址:Api/getUserInfo
请求时间:2018-05-10 11:03:52
请求参数:{"timeStamp":"2018-05-10 11:03:53","id":"174","sign":"ZGQwZThiYzRmOGQ2ODNkOTE4NWM3NTQ3ZTkxMzBmNGQ="}
加密前:1742018-05-10 11:03:53
加密后:ZGQwZThiYzRmOGQ2ODNkOTE4NWM3NTQ3ZTkxMzBmNGQ=
返回数据:{"code":200,"message":"\u6210\u529f","data":{"id":"174","user_name":"conn","password":null,"id_card":null,"openid":"ofgtxxG1QbDTnj5fjVtNJWzm8KEk","unionid":"obFBn1C1f9OnN4OeNRaF87MrfrzQ","real_name":null,"phone":"18782271516","qq":null,"email":null,"age":"0","sex":"1","head_img":"\/Upload\/2018-05-08\/5af14461048cc.jpg","address":"\u56db\u5ddd\u7701-\u6210\u90fd\u5e02-\u6b66\u4faf\u533a","subscribe":"1","is_robot":"0","source":null,"status":"1","inputtime":"2018-04-28 20:29:08","lost_login_time":"2018-05-08 18:08:17","personality_sign":"\u554a\u5b9e\u6253\u5b9e\u6539\u597d\u4ef7\u683c\u53d1\u58eb\u5927\u592b\u5de5\u4f1a\u7ecf\u8d39reek\u4efb\u4f55\u4eba\u662f\u7684\u53cd\u6fc0\u52a8\u5242\u54e6\u6211\u8272\u5f31\u7ba1\u5bb6\u5a46\u7279\u5c14 ","is_official":"0"}}


请求地址:Api/getUserInfo
请求时间:2018-05-10 11:03:54
请求参数:{"timeStamp":"2018-05-10 11:03:56","id":"174","sign":"NTljN2YxYWQ1MDUxMjBlMDQ4YzVmMTkwOWIxNDA3NGU="}
加密前:1742018-05-10 11:03:56
加密后:NTljN2YxYWQ1MDUxMjBlMDQ4YzVmMTkwOWIxNDA3NGU=
返回数据:{"code":200,"message":"\u6210\u529f","data":{"id":"174","user_name":"conn","password":null,"id_card":null,"openid":"ofgtxxG1QbDTnj5fjVtNJWzm8KEk","unionid":"obFBn1C1f9OnN4OeNRaF87MrfrzQ","real_name":null,"phone":"18782271516","qq":null,"email":null,"age":"0","sex":"1","head_img":"\/Upload\/2018-05-08\/5af14461048cc.jpg","address":"\u56db\u5ddd\u7701-\u6210\u90fd\u5e02-\u6b66\u4faf\u533a","subscribe":"1","is_robot":"0","source":null,"status":"1","inputtime":"2018-04-28 20:29:08","lost_login_time":"2018-05-08 18:08:17","personality_sign":"\u554a\u5b9e\u6253\u5b9e\u6539\u597d\u4ef7\u683c\u53d1\u58eb\u5927\u592b\u5de5\u4f1a\u7ecf\u8d39reek\u4efb\u4f55\u4eba\u662f\u7684\u53cd\u6fc0\u52a8\u5242\u54e6\u6211\u8272\u5f31\u7ba1\u5bb6\u5a46\u7279\u5c14 ","is_official":"0"}}


请求地址:Api/getUserInfo
请求时间:2018-05-10 11:42:25
请求参数:{"timeStamp":"2018-05-10 11:42:27","id":"174","sign":"YjE2NGMxZWU5NDM5YTU4ZWM3YzA1ODc4MmI2NTg4NzY="}
加密前:1742018-05-10 11:42:27
加密后:YjE2NGMxZWU5NDM5YTU4ZWM3YzA1ODc4MmI2NTg4NzY=
返回数据:{"code":200,"message":"\u6210\u529f","data":{"id":"174","user_name":"conn","password":null,"id_card":null,"openid":"ofgtxxG1QbDTnj5fjVtNJWzm8KEk","unionid":"obFBn1C1f9OnN4OeNRaF87MrfrzQ","real_name":null,"phone":"18782271516","qq":null,"email":null,"age":"0","sex":"1","head_img":"\/Upload\/2018-05-08\/5af14461048cc.jpg","address":"\u56db\u5ddd\u7701-\u6210\u90fd\u5e02-\u6b66\u4faf\u533a","subscribe":"1","is_robot":"0","source":null,"status":"1","inputtime":"2018-04-28 20:29:08","lost_login_time":"2018-05-08 18:08:17","personality_sign":"\u554a\u5b9e\u6253\u5b9e\u6539\u597d\u4ef7\u683c\u53d1\u58eb\u5927\u592b\u5de5\u4f1a\u7ecf\u8d39reek\u4efb\u4f55\u4eba\u662f\u7684\u53cd\u6fc0\u52a8\u5242\u54e6\u6211\u8272\u5f31\u7ba1\u5bb6\u5a46\u7279\u5c14 ","is_official":"0"}}


请求地址:Api/getUserInfo
请求时间:2018-05-10 11:42:29
请求参数:{"timeStamp":"2018-05-10 11:42:31","id":"174","sign":"NjNiODgxY2UxNTU5YzZkZWMyY2IwMDA1NTI1Y2E0NGE="}
加密前:1742018-05-10 11:42:31
加密后:NjNiODgxY2UxNTU5YzZkZWMyY2IwMDA1NTI1Y2E0NGE=
返回数据:{"code":200,"message":"\u6210\u529f","data":{"id":"174","user_name":"conn","password":null,"id_card":null,"openid":"ofgtxxG1QbDTnj5fjVtNJWzm8KEk","unionid":"obFBn1C1f9OnN4OeNRaF87MrfrzQ","real_name":null,"phone":"18782271516","qq":null,"email":null,"age":"0","sex":"1","head_img":"\/Upload\/2018-05-08\/5af14461048cc.jpg","address":"\u56db\u5ddd\u7701-\u6210\u90fd\u5e02-\u6b66\u4faf\u533a","subscribe":"1","is_robot":"0","source":null,"status":"1","inputtime":"2018-04-28 20:29:08","lost_login_time":"2018-05-08 18:08:17","personality_sign":"\u554a\u5b9e\u6253\u5b9e\u6539\u597d\u4ef7\u683c\u53d1\u58eb\u5927\u592b\u5de5\u4f1a\u7ecf\u8d39reek\u4efb\u4f55\u4eba\u662f\u7684\u53cd\u6fc0\u52a8\u5242\u54e6\u6211\u8272\u5f31\u7ba1\u5bb6\u5a46\u7279\u5c14 ","is_official":"0"}}


请求地址:Api/getUserInfo
请求时间:2018-05-10 11:42:32
请求参数:{"timeStamp":"2018-05-10 11:42:35","id":"174","sign":"Nzc2N2U3NGU3Yzg0ZTExN2MyZGFhYzZjYTExMjM0MzM="}
加密前:1742018-05-10 11:42:35
加密后:Nzc2N2U3NGU3Yzg0ZTExN2MyZGFhYzZjYTExMjM0MzM=
返回数据:{"code":200,"message":"\u6210\u529f","data":{"id":"174","user_name":"conn","password":null,"id_card":null,"openid":"ofgtxxG1QbDTnj5fjVtNJWzm8KEk","unionid":"obFBn1C1f9OnN4OeNRaF87MrfrzQ","real_name":null,"phone":"18782271516","qq":null,"email":null,"age":"0","sex":"1","head_img":"\/Upload\/2018-05-08\/5af14461048cc.jpg","address":"\u56db\u5ddd\u7701-\u6210\u90fd\u5e02-\u6b66\u4faf\u533a","subscribe":"1","is_robot":"0","source":null,"status":"1","inputtime":"2018-04-28 20:29:08","lost_login_time":"2018-05-08 18:08:17","personality_sign":"\u554a\u5b9e\u6253\u5b9e\u6539\u597d\u4ef7\u683c\u53d1\u58eb\u5927\u592b\u5de5\u4f1a\u7ecf\u8d39reek\u4efb\u4f55\u4eba\u662f\u7684\u53cd\u6fc0\u52a8\u5242\u54e6\u6211\u8272\u5f31\u7ba1\u5bb6\u5a46\u7279\u5c14 ","is_official":"0"}}


请求地址:Api/getUserInfo
请求时间:2018-05-10 11:42:58
请求参数:{"timeStamp":"2018-05-10 11:43:01","id":"174","sign":"ZmM0ZDIxYWU4MDczMzcyYzA3Yjk2OTFlYTM4ZjJmMmI="}
加密前:1742018-05-10 11:43:01
加密后:ZmM0ZDIxYWU4MDczMzcyYzA3Yjk2OTFlYTM4ZjJmMmI=
返回数据:{"code":200,"message":"\u6210\u529f","data":{"id":"174","user_name":"conn","password":null,"id_card":null,"openid":"ofgtxxG1QbDTnj5fjVtNJWzm8KEk","unionid":"obFBn1C1f9OnN4OeNRaF87MrfrzQ","real_name":null,"phone":"18782271516","qq":null,"email":null,"age":"0","sex":"1","head_img":"\/Upload\/2018-05-08\/5af14461048cc.jpg","address":"\u56db\u5ddd\u7701-\u6210\u90fd\u5e02-\u6b66\u4faf\u533a","subscribe":"1","is_robot":"0","source":null,"status":"1","inputtime":"2018-04-28 20:29:08","lost_login_time":"2018-05-08 18:08:17","personality_sign":"\u554a\u5b9e\u6253\u5b9e\u6539\u597d\u4ef7\u683c\u53d1\u58eb\u5927\u592b\u5de5\u4f1a\u7ecf\u8d39reek\u4efb\u4f55\u4eba\u662f\u7684\u53cd\u6fc0\u52a8\u5242\u54e6\u6211\u8272\u5f31\u7ba1\u5bb6\u5a46\u7279\u5c14 ","is_official":"0"}}


请求地址:Api/getUserInfo
请求时间:2018-05-10 11:43:09
请求参数:{"timeStamp":"2018-05-10 11:43:12","id":"174","sign":"MTU1ZjFlNDAxYWYxOTJkNWJiNzhlZGQxY2E1NzZkMTM="}
加密前:1742018-05-10 11:43:12
加密后:MTU1ZjFlNDAxYWYxOTJkNWJiNzhlZGQxY2E1NzZkMTM=
返回数据:{"code":200,"message":"\u6210\u529f","data":{"id":"174","user_name":"conn","password":null,"id_card":null,"openid":"ofgtxxG1QbDTnj5fjVtNJWzm8KEk","unionid":"obFBn1C1f9OnN4OeNRaF87MrfrzQ","real_name":null,"phone":"18782271516","qq":null,"email":null,"age":"0","sex":"1","head_img":"\/Upload\/2018-05-08\/5af14461048cc.jpg","address":"\u56db\u5ddd\u7701-\u6210\u90fd\u5e02-\u6b66\u4faf\u533a","subscribe":"1","is_robot":"0","source":null,"status":"1","inputtime":"2018-04-28 20:29:08","lost_login_time":"2018-05-08 18:08:17","personality_sign":"\u554a\u5b9e\u6253\u5b9e\u6539\u597d\u4ef7\u683c\u53d1\u58eb\u5927\u592b\u5de5\u4f1a\u7ecf\u8d39reek\u4efb\u4f55\u4eba\u662f\u7684\u53cd\u6fc0\u52a8\u5242\u54e6\u6211\u8272\u5f31\u7ba1\u5bb6\u5a46\u7279\u5c14 ","is_official":"0"}}


请求地址:Api/getUserInfo
请求时间:2018-05-10 11:43:12
请求参数:{"timeStamp":"2018-05-10 11:43:15","id":"174","sign":"NjhiOWUwNTk1ZmM4YjYzMDkyZjhiYTk0MzczZWNiNWQ="}
加密前:1742018-05-10 11:43:15
加密后:NjhiOWUwNTk1ZmM4YjYzMDkyZjhiYTk0MzczZWNiNWQ=
返回数据:{"code":200,"message":"\u6210\u529f","data":{"id":"174","user_name":"conn","password":null,"id_card":null,"openid":"ofgtxxG1QbDTnj5fjVtNJWzm8KEk","unionid":"obFBn1C1f9OnN4OeNRaF87MrfrzQ","real_name":null,"phone":"18782271516","qq":null,"email":null,"age":"0","sex":"1","head_img":"\/Upload\/2018-05-08\/5af14461048cc.jpg","address":"\u56db\u5ddd\u7701-\u6210\u90fd\u5e02-\u6b66\u4faf\u533a","subscribe":"1","is_robot":"0","source":null,"status":"1","inputtime":"2018-04-28 20:29:08","lost_login_time":"2018-05-08 18:08:17","personality_sign":"\u554a\u5b9e\u6253\u5b9e\u6539\u597d\u4ef7\u683c\u53d1\u58eb\u5927\u592b\u5de5\u4f1a\u7ecf\u8d39reek\u4efb\u4f55\u4eba\u662f\u7684\u53cd\u6fc0\u52a8\u5242\u54e6\u6211\u8272\u5f31\u7ba1\u5bb6\u5a46\u7279\u5c14 ","is_official":"0"}}


请求地址:Api/getUserInfo
请求时间:2018-05-10 11:43:14
请求参数:{"timeStamp":"2018-05-10 11:43:16","id":"174","sign":"ZTM2ZTY1M2M1ZmI2MWM4NzRmMTMzYjVjZWU3N2Q2ZTk="}
加密前:1742018-05-10 11:43:16
加密后:ZTM2ZTY1M2M1ZmI2MWM4NzRmMTMzYjVjZWU3N2Q2ZTk=
返回数据:{"code":200,"message":"\u6210\u529f","data":{"id":"174","user_name":"conn","password":null,"id_card":null,"openid":"ofgtxxG1QbDTnj5fjVtNJWzm8KEk","unionid":"obFBn1C1f9OnN4OeNRaF87MrfrzQ","real_name":null,"phone":"18782271516","qq":null,"email":null,"age":"0","sex":"1","head_img":"\/Upload\/2018-05-08\/5af14461048cc.jpg","address":"\u56db\u5ddd\u7701-\u6210\u90fd\u5e02-\u6b66\u4faf\u533a","subscribe":"1","is_robot":"0","source":null,"status":"1","inputtime":"2018-04-28 20:29:08","lost_login_time":"2018-05-08 18:08:17","personality_sign":"\u554a\u5b9e\u6253\u5b9e\u6539\u597d\u4ef7\u683c\u53d1\u58eb\u5927\u592b\u5de5\u4f1a\u7ecf\u8d39reek\u4efb\u4f55\u4eba\u662f\u7684\u53cd\u6fc0\u52a8\u5242\u54e6\u6211\u8272\u5f31\u7ba1\u5bb6\u5a46\u7279\u5c14 ","is_official":"0"}}


请求地址:Api/useIntegralExchangeWxEnvelope
请求时间:2018-05-10 11:46:50
请求参数:{"user_id":"175","money":"1","timeStamp":"2018-05-10 11:46:50","sign":"N2M1M2Y5NmU5N2Q1YjllMzVkYzhmYjEwM2ZhNzhjMzk="}
加密前:12018-05-10 11:46:50175
加密后:N2M1M2Y5NmU5N2Q1YjllMzVkYzhmYjEwM2ZhNzhjMzk=
返回数据:{"code":400,"message":"\u672a\u627e\u5230\u8be5\u91d1\u989d\u7684\u7ea2\u5305\u89c4\u5219","data":[]}


请求地址:Api/getUserInfo
请求时间:2018-05-10 11:47:28
请求参数:{"timeStamp":"2018-05-10 11:47:31","id":"174","sign":"YjAwN2VmNDkyOWQxMzEzYmE4ODFlMzdhYmIzYWM1YTc="}
加密前:1742018-05-10 11:47:31
加密后:YjAwN2VmNDkyOWQxMzEzYmE4ODFlMzdhYmIzYWM1YTc=
返回数据:{"code":200,"message":"\u6210\u529f","data":{"id":"174","user_name":"conn","password":null,"id_card":null,"openid":"ofgtxxG1QbDTnj5fjVtNJWzm8KEk","unionid":"obFBn1C1f9OnN4OeNRaF87MrfrzQ","real_name":null,"phone":"18782271516","qq":null,"email":null,"age":"0","sex":"1","head_img":"\/Upload\/2018-05-08\/5af14461048cc.jpg","address":"\u56db\u5ddd\u7701-\u6210\u90fd\u5e02-\u6b66\u4faf\u533a","subscribe":"1","is_robot":"0","source":null,"status":"1","inputtime":"2018-04-28 20:29:08","lost_login_time":"2018-05-08 18:08:17","personality_sign":"\u554a\u5b9e\u6253\u5b9e\u6539\u597d\u4ef7\u683c\u53d1\u58eb\u5927\u592b\u5de5\u4f1a\u7ecf\u8d39reek\u4efb\u4f55\u4eba\u662f\u7684\u53cd\u6fc0\u52a8\u5242\u54e6\u6211\u8272\u5f31\u7ba1\u5bb6\u5a46\u7279\u5c14 ","is_official":"0"}}


请求地址:Api/getUserInfo
请求时间:2018-05-10 11:47:29
请求参数:{"timeStamp":"2018-05-10 11:47:32","id":"174","sign":"MDEyYTFiMGM4NGIwOTRmYzAzOGZiYjhlMzNlNWZlNDA="}
加密前:1742018-05-10 11:47:32
加密后:MDEyYTFiMGM4NGIwOTRmYzAzOGZiYjhlMzNlNWZlNDA=
返回数据:{"code":200,"message":"\u6210\u529f","data":{"id":"174","user_name":"conn","password":null,"id_card":null,"openid":"ofgtxxG1QbDTnj5fjVtNJWzm8KEk","unionid":"obFBn1C1f9OnN4OeNRaF87MrfrzQ","real_name":null,"phone":"18782271516","qq":null,"email":null,"age":"0","sex":"1","head_img":"\/Upload\/2018-05-08\/5af14461048cc.jpg","address":"\u56db\u5ddd\u7701-\u6210\u90fd\u5e02-\u6b66\u4faf\u533a","subscribe":"1","is_robot":"0","source":null,"status":"1","inputtime":"2018-04-28 20:29:08","lost_login_time":"2018-05-08 18:08:17","personality_sign":"\u554a\u5b9e\u6253\u5b9e\u6539\u597d\u4ef7\u683c\u53d1\u58eb\u5927\u592b\u5de5\u4f1a\u7ecf\u8d39reek\u4efb\u4f55\u4eba\u662f\u7684\u53cd\u6fc0\u52a8\u5242\u54e6\u6211\u8272\u5f31\u7ba1\u5bb6\u5a46\u7279\u5c14 ","is_official":"0"}}


请求地址:Api/getUserInfo
请求时间:2018-05-10 11:47:31
请求参数:{"timeStamp":"2018-05-10 11:47:33","id":"174","sign":"ZTMxMTcwYmEyNGNhMzliZWIyMWVjNjNmNmVlNGIwNmE="}
加密前:1742018-05-10 11:47:33
加密后:ZTMxMTcwYmEyNGNhMzliZWIyMWVjNjNmNmVlNGIwNmE=
返回数据:{"code":200,"message":"\u6210\u529f","data":{"id":"174","user_name":"conn","password":null,"id_card":null,"openid":"ofgtxxG1QbDTnj5fjVtNJWzm8KEk","unionid":"obFBn1C1f9OnN4OeNRaF87MrfrzQ","real_name":null,"phone":"18782271516","qq":null,"email":null,"age":"0","sex":"1","head_img":"\/Upload\/2018-05-08\/5af14461048cc.jpg","address":"\u56db\u5ddd\u7701-\u6210\u90fd\u5e02-\u6b66\u4faf\u533a","subscribe":"1","is_robot":"0","source":null,"status":"1","inputtime":"2018-04-28 20:29:08","lost_login_time":"2018-05-08 18:08:17","personality_sign":"\u554a\u5b9e\u6253\u5b9e\u6539\u597d\u4ef7\u683c\u53d1\u58eb\u5927\u592b\u5de5\u4f1a\u7ecf\u8d39reek\u4efb\u4f55\u4eba\u662f\u7684\u53cd\u6fc0\u52a8\u5242\u54e6\u6211\u8272\u5f31\u7ba1\u5bb6\u5a46\u7279\u5c14 ","is_official":"0"}}


请求地址:Api/getUserInfo
请求时间:2018-05-10 11:47:32
请求参数:{"timeStamp":"2018-05-10 11:47:35","id":"174","sign":"ZTY2OWQwNTA1Y2YzZjFlYTkwMjIyOWQ4ODVjOGQ5NTU="}
加密前:1742018-05-10 11:47:35
加密后:ZTY2OWQwNTA1Y2YzZjFlYTkwMjIyOWQ4ODVjOGQ5NTU=
返回数据:{"code":200,"message":"\u6210\u529f","data":{"id":"174","user_name":"conn","password":null,"id_card":null,"openid":"ofgtxxG1QbDTnj5fjVtNJWzm8KEk","unionid":"obFBn1C1f9OnN4OeNRaF87MrfrzQ","real_name":null,"phone":"18782271516","qq":null,"email":null,"age":"0","sex":"1","head_img":"\/Upload\/2018-05-08\/5af14461048cc.jpg","address":"\u56db\u5ddd\u7701-\u6210\u90fd\u5e02-\u6b66\u4faf\u533a","subscribe":"1","is_robot":"0","source":null,"status":"1","inputtime":"2018-04-28 20:29:08","lost_login_time":"2018-05-08 18:08:17","personality_sign":"\u554a\u5b9e\u6253\u5b9e\u6539\u597d\u4ef7\u683c\u53d1\u58eb\u5927\u592b\u5de5\u4f1a\u7ecf\u8d39reek\u4efb\u4f55\u4eba\u662f\u7684\u53cd\u6fc0\u52a8\u5242\u54e6\u6211\u8272\u5f31\u7ba1\u5bb6\u5a46\u7279\u5c14 ","is_official":"0"}}


请求地址:Api/getUserInfo
请求时间:2018-05-10 11:50:23
请求参数:{"timeStamp":"2018-05-10 11:50:25","id":"174","sign":"OTNiMDY2OGM2YjcxZWIxYmMxZWQ4Y2Y1Yzc1OTBkYWQ="}
加密前:1742018-05-10 11:50:25
加密后:OTNiMDY2OGM2YjcxZWIxYmMxZWQ4Y2Y1Yzc1OTBkYWQ=
返回数据:{"code":200,"message":"\u6210\u529f","data":{"id":"174","user_name":"conn","password":null,"id_card":null,"openid":"ofgtxxG1QbDTnj5fjVtNJWzm8KEk","unionid":"obFBn1C1f9OnN4OeNRaF87MrfrzQ","real_name":null,"phone":"18782271516","qq":null,"email":null,"age":"0","sex":"1","head_img":"\/Upload\/2018-05-08\/5af14461048cc.jpg","address":"\u56db\u5ddd\u7701-\u6210\u90fd\u5e02-\u6b66\u4faf\u533a","subscribe":"1","is_robot":"0","source":null,"status":"1","inputtime":"2018-04-28 20:29:08","lost_login_time":"2018-05-08 18:08:17","personality_sign":"\u554a\u5b9e\u6253\u5b9e\u6539\u597d\u4ef7\u683c\u53d1\u58eb\u5927\u592b\u5de5\u4f1a\u7ecf\u8d39reek\u4efb\u4f55\u4eba\u662f\u7684\u53cd\u6fc0\u52a8\u5242\u54e6\u6211\u8272\u5f31\u7ba1\u5bb6\u5a46\u7279\u5c14 ","is_official":"0"}}


请求地址:Api/getUserInfo
请求时间:2018-05-10 11:50:24
请求参数:{"timeStamp":"2018-05-10 11:50:27","id":"174","sign":"ZTI5NWYyZGUyMjNkMWIwZjZjNGNkNTQ3ZmQyOTE3YTI="}
加密前:1742018-05-10 11:50:27
加密后:ZTI5NWYyZGUyMjNkMWIwZjZjNGNkNTQ3ZmQyOTE3YTI=
返回数据:{"code":200,"message":"\u6210\u529f","data":{"id":"174","user_name":"conn","password":null,"id_card":null,"openid":"ofgtxxG1QbDTnj5fjVtNJWzm8KEk","unionid":"obFBn1C1f9OnN4OeNRaF87MrfrzQ","real_name":null,"phone":"18782271516","qq":null,"email":null,"age":"0","sex":"1","head_img":"\/Upload\/2018-05-08\/5af14461048cc.jpg","address":"\u56db\u5ddd\u7701-\u6210\u90fd\u5e02-\u6b66\u4faf\u533a","subscribe":"1","is_robot":"0","source":null,"status":"1","inputtime":"2018-04-28 20:29:08","lost_login_time":"2018-05-08 18:08:17","personality_sign":"\u554a\u5b9e\u6253\u5b9e\u6539\u597d\u4ef7\u683c\u53d1\u58eb\u5927\u592b\u5de5\u4f1a\u7ecf\u8d39reek\u4efb\u4f55\u4eba\u662f\u7684\u53cd\u6fc0\u52a8\u5242\u54e6\u6211\u8272\u5f31\u7ba1\u5bb6\u5a46\u7279\u5c14 ","is_official":"0"}}


请求地址:Api/getCategory
请求时间:2018-05-10 12:05:51
请求参数:{"pid":"0","timeStamp":"2018-05-10 12:05:52","sign":"MDliNzRmZWQ2Y2EyYmE1NDI3YzdhYjcwY2UzMjMwZTg="}
加密前:02018-05-10 12:05:52
加密后:MDliNzRmZWQ2Y2EyYmE1NDI3YzdhYjcwY2UzMjMwZTg=
返回数据:{"code":200,"message":"\u6210\u529f","data":[{"id":"1","name":"\u5403\u559d","pid":"0","sort":"0","inputtime":"2018-04-11 17:08:33","img":"\/Upload\/2018\/04\/17\/5ad5708142588.png","_child":[{"id":"2","name":"\u5348\u9910","pid":"1","sort":"0","inputtime":"2018-04-11 17:08:33","img":""},{"id":"7","name":"\u665a\u9910","pid":"1","sort":"0","inputtime":"2018-04-11 17:08:33","img":""},{"id":"8","name":"\u5bb5\u591c","pid":"1","sort":"0","inputtime":"2018-04-11 17:08:33","img":""},{"id":"15","name":"\u5496\u5561","pid":"1","sort":"0","inputtime":"2018-04-16 15:56:16","img":""},{"id":"16","name":"\u4e0b\u5348\u8336","pid":"1","sort":"0","inputtime":"2018-04-16 15:56:29","img":""},{"id":"17","name":"\u559d\u9152","pid":"1","sort":"0","inputtime":"2018-04-16 15:56:40","img":""},{"id":"18","name":"\u5176\u4ed6","pid":"1","sort":"0","inputtime":"2018-04-16 15:56:53","img":""}]},{"id":"1124","name":"\u65c5\u884c","pid":"0","sort":"0","inputtime":"2018-04-29 20:20:07","img":"","_child":[{"id":"1125","name":"\u5468\u8fb9\u65c5\u884c","pid":"1124","sort":"0","inputtime":"2018-04-29 20:20:27","img":""},{"id":"1126","name":"\u7701\u5185\u65c5\u884c","pid":"1124","sort":"0","inputtime":"2018-04-29 20:20:38","img":""},{"id":"1127","name":"\u56fd\u5185\u65c5\u884c","pid":"1124","sort":"0","inputtime":"2018-04-29 20:20:55","img":""},{"id":"1128","name":"\u56fd\u9645\u65c5\u884c","pid":"1124","sort":"0","inputtime":"2018-04-29 20:21:07","img":""}]},{"id":"3","name":"\u7535\u5f71","pid":"0","sort":"0","inputtime":"2018-04-11 17:08:33","img":"\/Upload\/2018\/04\/17\/5ad570a4ee7e2.png","_child":[{"id":"1116","name":"\u770b\u7535\u5f71","pid":"3","sort":"0","inputtime":"2018-04-19 14:50:21","img":""}]},{"id":"4","name":"\u5065\u4f53","pid":"0","sort":"0","inputtime":"2018-04-11 17:08:33","img":"","_child":[{"id":"1119","name":"\u6ed1\u677f","pid":"4","sort":"0","inputtime":"2018-04-26 15:46:34","img":""},{"id":"24","name":"\u5176\u4ed6","pid":"4","sort":"0","inputtime":"2018-04-16 16:08:52","img":""},{"id":"23","name":"\u5065\u8eab","pid":"4","sort":"0","inputtime":"2018-04-16 16:08:42","img":""},{"id":"19","name":"\u7fbd\u6bdb\u7403","pid":"4","sort":"0","inputtime":"2018-04-16 15:59:39","img":""},{"id":"20","name":"\u4e52\u4e53\u7403","pid":"4","sort":"0","inputtime":"2018-04-16 16:07:56","img":""},{"id":"21","name":"\u8dd1\u6b65","pid":"4","sort":"0","inputtime":"2018-04-16 16:08:09","img":""},{"id":"22","name":"\u6e38\u6cf3","pid":"4","sort":"0","inputtime":"2018-04-16 16:08:17","img":""}]},{"id":"13","name":"\u6d88\u9063","pid":"0","sort":"0","inputtime":"2018-04-16 15:35:28","img":"","_child":[{"id":"30","name":"\u5176\u4ed6","pid":"13","sort":"0","inputtime":"2018-04-16 16:12:34","img":""},{"id":"29","name":"\u8e66\u8fea","pid":"13","sort":"0","inputtime":"2018-04-16 16:12:28","img":""},{"id":"28","name":"\u901b\u8857","pid":"13","sort":"0","inputtime":"2018-04-16 16:12:21","img":""},{"id":"27","name":"K\u6b4c","pid":"13","sort":"0","inputtime":"2018-04-16 16:12:14","img":""},{"id":"26","name":"\u684c\u6e38","pid":"13","sort":"0","inputtime":"2018-04-16 16:12:07","img":""},{"id":"25","name":"\u68cb\u724c","pid":"13","sort":"0","inputtime":"2018-04-16 16:12:00","img":""},{"id":"1118","name":"\u5782\u9493","pid":"13","sort":"0","inputtime":"2018-04-26 15:45:59","img":""},{"id":"1117","name":"\u905b\u5ba0","pid":"13","sort":"0","inputtime":"2018-04-22 15:21:00","img":""}]},{"id":"14","name":"\u5f00\u9ed1","pid":"0","sort":"0","inputtime":"2018-04-16 15:37:40","img":"","_child":[{"id":"1123","name":"\u5168\u519b\u51fa\u51fb","pid":"14","sort":"1","inputtime":"2018-04-29 14:57:28","img":""},{"id":"32","name":"\u82f1\u96c4\u8054\u76df","pid":"14","sort":"0","inputtime":"2018-04-16 16:16:16","img":""},{"id":"31","name":"\u7edd\u5730\u6c42\u751f\u5927\u9003\u6740","pid":"14","sort":"0","inputtime":"2018-04-16 16:16:07","img":""},{"id":"33","name":"\u523a\u6fc0\u6218\u573a","pid":"14","sort":"0","inputtime":"2018-04-16 16:16:33","img":""},{"id":"34","name":"\u738b\u8005\u8363\u8000","pid":"14","sort":"0","inputtime":"2018-04-16 16:16:44","img":""},{"id":"35","name":"\u5176\u4ed6","pid":"14","sort":"0","inputtime":"2018-04-16 16:16:53","img":""}]}]}


