[ 2018-04-20T16:11:40+08:00 ] 127.0.0.1 /run
INFO: [ app_init ] --START--
INFO: Run Behavior\BuildLiteBehavior [ RunTime:0.000000s ]
INFO: [ app_init ] --END-- [ RunTime:0.001000s ]
INFO: [ app_begin ] --START--
INFO: Run Behavior\ReadHtmlCacheBehavior [ RunTime:0.001000s ]
INFO: [ app_begin ] --END-- [ RunTime:0.001000s ]

[ 2018-04-20T16:11:40+08:00 ] 127.0.0.1 /Run/Login/index.html
INFO: [ app_init ] --START--
INFO: Run Behavior\BuildLiteBehavior [ RunTime:0.000000s ]
INFO: [ app_init ] --END-- [ RunTime:0.000000s ]
INFO: [ app_begin ] --START--
INFO: Run Behavior\ReadHtmlCacheBehavior [ RunTime:0.000000s ]
INFO: [ app_begin ] --END-- [ RunTime:0.001000s ]
INFO: [ view_parse ] --START--
INFO: [ template_filter ] --START--
INFO: Run Behavior\ContentReplaceBehavior [ RunTime:0.008000s ]
INFO: [ template_filter ] --END-- [ RunTime:0.008000s ]
SQL: SHOW COLUMNS FROM `hiwan_system` [ RunTime:0.0030s ]
SQL: SELECT * FROM `hiwan_system` WHERE `var` = 'web_name' LIMIT 1   [ RunTime:0.0000s ]
INFO: Run Behavior\ParseTemplateBehavior [ RunTime:0.161000s ]
INFO: [ view_parse ] --END-- [ RunTime:0.161000s ]
INFO: [ view_filter ] --START--
INFO: Run Behavior\WriteHtmlCacheBehavior [ RunTime:0.001000s ]
INFO: [ view_filter ] --END-- [ RunTime:0.001000s ]
INFO: [ app_end ] --START--
INFO: Run Behavior\ShowPageTraceBehavior [ RunTime:0.001000s ]
INFO: [ app_end ] --END-- [ RunTime:0.001000s ]

[ 2018-04-20T16:11:40+08:00 ] 127.0.0.1 /Run/Login/ver.html
INFO: [ app_init ] --START--
INFO: Run Behavior\BuildLiteBehavior [ RunTime:0.000000s ]
INFO: [ app_init ] --END-- [ RunTime:0.001000s ]
INFO: [ app_begin ] --START--
INFO: Run Behavior\ReadHtmlCacheBehavior [ RunTime:0.000000s ]
INFO: [ app_begin ] --END-- [ RunTime:0.000000s ]
INFO: [ app_end ] --START--
INFO: Run Behavior\ShowPageTraceBehavior [ RunTime:0.002000s ]
INFO: [ app_end ] --END-- [ RunTime:0.002000s ]

[ 2018-04-20T16:11:50+08:00 ] 127.0.0.1 /Run/Login/checkLogin.html
INFO: [ app_init ] --START--
INFO: Run Behavior\BuildLiteBehavior [ RunTime:0.000000s ]
INFO: [ app_init ] --END-- [ RunTime:0.000000s ]
INFO: [ app_begin ] --START--
INFO: Run Behavior\ReadHtmlCacheBehavior [ RunTime:0.000000s ]
INFO: [ app_begin ] --END-- [ RunTime:0.001000s ]
SQL: SHOW COLUMNS FROM `hiwan_admin` [ RunTime:0.0030s ]
SQL: SELECT * FROM `hiwan_admin` WHERE `username` = 'hiwan' LIMIT 1   [ RunTime:0.0000s ]
SQL: UPDATE `hiwan_admin` SET `last_login_time`='2018-04-20 16:11:50' WHERE `id` = 1 [ RunTime:0.0000s ]
INFO: [ app_end ] --START--
INFO: Run Behavior\ShowPageTraceBehavior [ RunTime:0.000000s ]
INFO: [ app_end ] --END-- [ RunTime:0.000000s ]

[ 2018-04-20T16:11:51+08:00 ] 127.0.0.1 /Run/Index/index.html
INFO: [ app_init ] --START--
INFO: Run Behavior\BuildLiteBehavior [ RunTime:0.000000s ]
INFO: [ app_init ] --END-- [ RunTime:0.001000s ]
INFO: [ app_begin ] --START--
INFO: Run Behavior\ReadHtmlCacheBehavior [ RunTime:0.001000s ]
INFO: [ app_begin ] --END-- [ RunTime:0.001000s ]
INFO: [ view_parse ] --START--
INFO: [ template_filter ] --START--
INFO: Run Behavior\ContentReplaceBehavior [ RunTime:0.000000s ]
INFO: [ template_filter ] --END-- [ RunTime:0.000000s ]
SQL: SHOW COLUMNS FROM `hiwan_system` [ RunTime:0.0030s ]
SQL: SELECT * FROM `hiwan_system` WHERE `var` = 'web_name' LIMIT 1   [ RunTime:0.0000s ]
SQL: SELECT * FROM `hiwan_system` WHERE `var` = 'web_logo' LIMIT 1   [ RunTime:0.0000s ]
SQL: SELECT * FROM `hiwan_system` WHERE `var` = 'web_name' LIMIT 1   [ RunTime:0.0000s ]
INFO: Run Behavior\ParseTemplateBehavior [ RunTime:0.026000s ]
INFO: [ view_parse ] --END-- [ RunTime:0.026000s ]
INFO: [ view_filter ] --START--
INFO: Run Behavior\WriteHtmlCacheBehavior [ RunTime:0.001000s ]
INFO: [ view_filter ] --END-- [ RunTime:0.001000s ]
INFO: [ app_end ] --START--
INFO: Run Behavior\ShowPageTraceBehavior [ RunTime:0.001000s ]
INFO: [ app_end ] --END-- [ RunTime:0.001000s ]

[ 2018-04-20T16:11:53+08:00 ] 127.0.0.1 /Run/Robot/index.html
INFO: [ app_init ] --START--
INFO: Run Behavior\BuildLiteBehavior [ RunTime:0.000000s ]
INFO: [ app_init ] --END-- [ RunTime:0.000000s ]
INFO: [ app_begin ] --START--
INFO: Run Behavior\ReadHtmlCacheBehavior [ RunTime:0.001000s ]
INFO: [ app_begin ] --END-- [ RunTime:0.001000s ]
SQL: SHOW COLUMNS FROM `hiwan_user` [ RunTime:0.0040s ]
SQL: SELECT * FROM `hiwan_user` WHERE `is_robot` = 1 ORDER BY is_robot asc,id desc  [ RunTime:0.0010s ]
INFO: [ view_parse ] --START--
INFO: [ template_filter ] --START--
INFO: Run Behavior\ContentReplaceBehavior [ RunTime:0.000000s ]
INFO: [ template_filter ] --END-- [ RunTime:0.000000s ]
SQL: SHOW COLUMNS FROM `hiwan_system` [ RunTime:0.0030s ]
SQL: SELECT * FROM `hiwan_system` WHERE `var` = 'web_name' LIMIT 1   [ RunTime:0.0010s ]
SQL: SELECT * FROM `hiwan_system` WHERE `var` = 'web_logo' LIMIT 1   [ RunTime:0.0000s ]
SQL: SELECT * FROM `hiwan_system` WHERE `var` = 'web_name' LIMIT 1   [ RunTime:0.0000s ]
NOTIC: [8] Undefined variable: username D:\phpStudy\WWW\hiwan\Application\Runtime\Cache\Run\293a963a99f23bd1640cebe0d601550a.php 第 24 行.
INFO: Run Behavior\ParseTemplateBehavior [ RunTime:0.024000s ]
INFO: [ view_parse ] --END-- [ RunTime:0.024000s ]
INFO: [ view_filter ] --START--
INFO: Run Behavior\WriteHtmlCacheBehavior [ RunTime:0.000000s ]
INFO: [ view_filter ] --END-- [ RunTime:0.000000s ]
INFO: [ app_end ] --START--
INFO: Run Behavior\ShowPageTraceBehavior [ RunTime:0.001000s ]
INFO: [ app_end ] --END-- [ RunTime:0.001000s ]

[ 2018-04-20T16:11:59+08:00 ] 127.0.0.1 /Run/Robot/add.html
INFO: [ app_init ] --START--
INFO: Run Behavior\BuildLiteBehavior [ RunTime:0.000000s ]
INFO: [ app_init ] --END-- [ RunTime:0.001000s ]
INFO: [ app_begin ] --START--
INFO: Run Behavior\ReadHtmlCacheBehavior [ RunTime:0.001000s ]
INFO: [ app_begin ] --END-- [ RunTime:0.001000s ]
INFO: [ view_parse ] --START--
INFO: [ template_filter ] --START--
INFO: Run Behavior\ContentReplaceBehavior [ RunTime:0.000000s ]
INFO: [ template_filter ] --END-- [ RunTime:0.000000s ]
SQL: SHOW COLUMNS FROM `hiwan_system` [ RunTime:0.0030s ]
SQL: SELECT * FROM `hiwan_system` WHERE `var` = 'web_name' LIMIT 1   [ RunTime:0.0000s ]
SQL: SELECT * FROM `hiwan_system` WHERE `var` = 'web_logo' LIMIT 1   [ RunTime:0.0000s ]
SQL: SELECT * FROM `hiwan_system` WHERE `var` = 'web_name' LIMIT 1   [ RunTime:0.0010s ]
NOTIC: [8] Undefined variable: username D:\phpStudy\WWW\hiwan\Application\Runtime\Cache\Run\b8feab137f56bb3410059934211225dc.php 第 24 行.
INFO: Run Behavior\ParseTemplateBehavior [ RunTime:0.034000s ]
INFO: [ view_parse ] --END-- [ RunTime:0.034000s ]
INFO: [ view_filter ] --START--
INFO: Run Behavior\WriteHtmlCacheBehavior [ RunTime:0.000000s ]
INFO: [ view_filter ] --END-- [ RunTime:0.000000s ]
INFO: [ app_end ] --START--
INFO: Run Behavior\ShowPageTraceBehavior [ RunTime:0.000000s ]
INFO: [ app_end ] --END-- [ RunTime:0.000000s ]

[ 2018-04-20T16:12:02+08:00 ] 127.0.0.1 /Run/Robot/addData.html
INFO: [ app_init ] --START--
INFO: Run Behavior\BuildLiteBehavior [ RunTime:0.000000s ]
INFO: [ app_init ] --END-- [ RunTime:0.001000s ]
INFO: [ app_begin ] --START--
INFO: Run Behavior\ReadHtmlCacheBehavior [ RunTime:0.000000s ]
INFO: [ app_begin ] --END-- [ RunTime:0.000000s ]
SQL: SHOW COLUMNS FROM `hiwan_user` [ RunTime:0.0050s ]
SQL: INSERT INTO `hiwan_user` (`user_name`,`sex`,`head_img`,`is_robot`,`status`,`inputtime`) VALUES ('女人、玩的是命','2','https://web.hiwan.com/Upload/2018/04/16/tx1 (173).jpg','1','1','2018-04-20 16:12:02') [ RunTime:0.0030s ]
SQL: INSERT INTO `hiwan_user` (`user_name`,`sex`,`head_img`,`is_robot`,`status`,`inputtime`) VALUES ('你是我的幸运儿','1','https://web.hiwan.com/Upload/2018/04/16/tx1 (448).jpg','1','1','2018-04-20 16:12:02') [ RunTime:0.0010s ]
SQL: INSERT INTO `hiwan_user` (`user_name`,`sex`,`head_img`,`is_robot`,`status`,`inputtime`) VALUES ('开心的笨小孩','1','https://web.hiwan.com/Upload/2018/04/16/tx1 (280).jpg','1','1','2018-04-20 16:12:02') [ RunTime:0.0010s ]
SQL: INSERT INTO `hiwan_user` (`user_name`,`sex`,`head_img`,`is_robot`,`status`,`inputtime`) VALUES ('昔日餘光','2','https://web.hiwan.com/Upload/2018/04/16/tx1 (449).jpg','1','1','2018-04-20 16:12:02') [ RunTime:0.0010s ]
SQL: INSERT INTO `hiwan_user` (`user_name`,`sex`,`head_img`,`is_robot`,`status`,`inputtime`) VALUES ('没 心 没 肺 °','1','https://web.hiwan.com/Upload/2018/04/16/tx1 (516).jpg','1','1','2018-04-20 16:12:02') [ RunTime:0.0010s ]
SQL: INSERT INTO `hiwan_user` (`user_name`,`sex`,`head_img`,`is_robot`,`status`,`inputtime`) VALUES ('我心透心凉','1','https://web.hiwan.com/Upload/2018/04/16/tx1 (23).jpg','1','1','2018-04-20 16:12:02') [ RunTime:0.0010s ]
SQL: INSERT INTO `hiwan_user` (`user_name`,`sex`,`head_img`,`is_robot`,`status`,`inputtime`) VALUES ('過客','1','https://web.hiwan.com/Upload/2018/04/16/tx1 (150).jpg','1','1','2018-04-20 16:12:02') [ RunTime:0.0010s ]
SQL: INSERT INTO `hiwan_user` (`user_name`,`sex`,`head_img`,`is_robot`,`status`,`inputtime`) VALUES ('瞎闹腾i','2','https://web.hiwan.com/Upload/2018/04/16/tx1 (12).jpg','1','1','2018-04-20 16:12:02') [ RunTime:0.0010s ]
SQL: INSERT INTO `hiwan_user` (`user_name`,`sex`,`head_img`,`is_robot`,`status`,`inputtime`) VALUES ('爱没有所谓亏欠','2','https://web.hiwan.com/Upload/2018/04/16/tx1 (322).jpg','1','1','2018-04-20 16:12:02') [ RunTime:0.0010s ]
SQL: INSERT INTO `hiwan_user` (`user_name`,`sex`,`head_img`,`is_robot`,`status`,`inputtime`) VALUES ('曾经飞蛾扑火','1','https://web.hiwan.com/Upload/2018/04/16/tx1 (344).jpg','1','1','2018-04-20 16:12:02') [ RunTime:0.0010s ]
INFO: [ app_end ] --START--
INFO: Run Behavior\ShowPageTraceBehavior [ RunTime:0.001000s ]
INFO: [ app_end ] --END-- [ RunTime:0.001000s ]

[ 2018-04-20T16:12:03+08:00 ] 127.0.0.1 /Run/Robot/index.html
INFO: [ app_init ] --START--
INFO: Run Behavior\BuildLiteBehavior [ RunTime:0.000000s ]
INFO: [ app_init ] --END-- [ RunTime:0.000000s ]
INFO: [ app_begin ] --START--
INFO: Run Behavior\ReadHtmlCacheBehavior [ RunTime:0.001000s ]
INFO: [ app_begin ] --END-- [ RunTime:0.001000s ]
SQL: SHOW COLUMNS FROM `hiwan_user` [ RunTime:0.0030s ]
SQL: SELECT * FROM `hiwan_user` WHERE `is_robot` = 1 ORDER BY is_robot asc,id desc  [ RunTime:0.0000s ]
INFO: [ view_parse ] --START--
INFO: [ template_filter ] --START--
INFO: Run Behavior\ContentReplaceBehavior [ RunTime:0.000000s ]
INFO: [ template_filter ] --END-- [ RunTime:0.000000s ]
SQL: SHOW COLUMNS FROM `hiwan_system` [ RunTime:0.0030s ]
SQL: SELECT * FROM `hiwan_system` WHERE `var` = 'web_name' LIMIT 1   [ RunTime:0.0000s ]
SQL: SELECT * FROM `hiwan_system` WHERE `var` = 'web_logo' LIMIT 1   [ RunTime:0.0000s ]
SQL: SELECT * FROM `hiwan_system` WHERE `var` = 'web_name' LIMIT 1   [ RunTime:0.0000s ]
NOTIC: [8] Undefined variable: username D:\phpStudy\WWW\hiwan\Application\Runtime\Cache\Run\293a963a99f23bd1640cebe0d601550a.php 第 24 行.
NOTIC: [8] Use of undefined constant is_robot - assumed 'is_robot' D:\phpStudy\WWW\hiwan\Application\Runtime\Cache\Run\293a963a99f23bd1640cebe0d601550a.php 第 287 行.
NOTIC: [8] Use of undefined constant sex - assumed 'sex' D:\phpStudy\WWW\hiwan\Application\Runtime\Cache\Run\293a963a99f23bd1640cebe0d601550a.php 第 295 行.
NOTIC: [8] Use of undefined constant status - assumed 'status' D:\phpStudy\WWW\hiwan\Application\Runtime\Cache\Run\293a963a99f23bd1640cebe0d601550a.php 第 299 行.
NOTIC: [8] Use of undefined constant status - assumed 'status' D:\phpStudy\WWW\hiwan\Application\Runtime\Cache\Run\293a963a99f23bd1640cebe0d601550a.php 第 300 行.
NOTIC: [8] Use of undefined constant id - assumed 'id' D:\phpStudy\WWW\hiwan\Application\Runtime\Cache\Run\293a963a99f23bd1640cebe0d601550a.php 第 304 行.
NOTIC: [8] Use of undefined constant source - assumed 'source' D:\phpStudy\WWW\hiwan\Application\Runtime\Cache\Run\293a963a99f23bd1640cebe0d601550a.php 第 306 行.
NOTIC: [8] Undefined index: source_name D:\phpStudy\WWW\hiwan\Application\Runtime\Cache\Run\293a963a99f23bd1640cebe0d601550a.php 第 306 行.
NOTIC: [8] Use of undefined constant id - assumed 'id' D:\phpStudy\WWW\hiwan\Application\Runtime\Cache\Run\293a963a99f23bd1640cebe0d601550a.php 第 309 行.
NOTIC: [8] Use of undefined constant status - assumed 'status' D:\phpStudy\WWW\hiwan\Application\Runtime\Cache\Run\293a963a99f23bd1640cebe0d601550a.php 第 310 行.
NOTIC: [8] Use of undefined constant is_robot - assumed 'is_robot' D:\phpStudy\WWW\hiwan\Application\Runtime\Cache\Run\293a963a99f23bd1640cebe0d601550a.php 第 287 行.
NOTIC: [8] Use of undefined constant sex - assumed 'sex' D:\phpStudy\WWW\hiwan\Application\Runtime\Cache\Run\293a963a99f23bd1640cebe0d601550a.php 第 295 行.
NOTIC: [8] Use of undefined constant status - assumed 'status' D:\phpStudy\WWW\hiwan\Application\Runtime\Cache\Run\293a963a99f23bd1640cebe0d601550a.php 第 299 行.
NOTIC: [8] Use of undefined constant status - assumed 'status' D:\phpStudy\WWW\hiwan\Application\Runtime\Cache\Run\293a963a99f23bd1640cebe0d601550a.php 第 300 行.
NOTIC: [8] Use of undefined constant id - assumed 'id' D:\phpStudy\WWW\hiwan\Application\Runtime\Cache\Run\293a963a99f23bd1640cebe0d601550a.php 第 304 行.
NOTIC: [8] Use of undefined constant source - assumed 'source' D:\phpStudy\WWW\hiwan\Application\Runtime\Cache\Run\293a963a99f23bd1640cebe0d601550a.php 第 306 行.
NOTIC: [8] Undefined index: source_name D:\phpStudy\WWW\hiwan\Application\Runtime\Cache\Run\293a963a99f23bd1640cebe0d601550a.php 第 306 行.
NOTIC: [8] Use of undefined constant id - assumed 'id' D:\phpStudy\WWW\hiwan\Application\Runtime\Cache\Run\293a963a99f23bd1640cebe0d601550a.php 第 309 行.
NOTIC: [8] Use of undefined constant status - assumed 'status' D:\phpStudy\WWW\hiwan\Application\Runtime\Cache\Run\293a963a99f23bd1640cebe0d601550a.php 第 310 行.
NOTIC: [8] Use of undefined constant is_robot - assumed 'is_robot' D:\phpStudy\WWW\hiwan\Application\Runtime\Cache\Run\293a963a99f23bd1640cebe0d601550a.php 第 287 行.
NOTIC: [8] Use of undefined constant sex - assumed 'sex' D:\phpStudy\WWW\hiwan\Application\Runtime\Cache\Run\293a963a99f23bd1640cebe0d601550a.php 第 295 行.
NOTIC: [8] Use of undefined constant status - assumed 'status' D:\phpStudy\WWW\hiwan\Application\Runtime\Cache\Run\293a963a99f23bd1640cebe0d601550a.php 第 299 行.
NOTIC: [8] Use of undefined constant status - assumed 'status' D:\phpStudy\WWW\hiwan\Application\Runtime\Cache\Run\293a963a99f23bd1640cebe0d601550a.php 第 300 行.
NOTIC: [8] Use of undefined constant id - assumed 'id' D:\phpStudy\WWW\hiwan\Application\Runtime\Cache\Run\293a963a99f23bd1640cebe0d601550a.php 第 304 行.
NOTIC: [8] Use of undefined constant source - assumed 'source' D:\phpStudy\WWW\hiwan\Application\Runtime\Cache\Run\293a963a99f23bd1640cebe0d601550a.php 第 306 行.
NOTIC: [8] Undefined index: source_name D:\phpStudy\WWW\hiwan\Application\Runtime\Cache\Run\293a963a99f23bd1640cebe0d601550a.php 第 306 行.
NOTIC: [8] Use of undefined constant id - assumed 'id' D:\phpStudy\WWW\hiwan\Application\Runtime\Cache\Run\293a963a99f23bd1640cebe0d601550a.php 第 309 行.
NOTIC: [8] Use of undefined constant status - assumed 'status' D:\phpStudy\WWW\hiwan\Application\Runtime\Cache\Run\293a963a99f23bd1640cebe0d601550a.php 第 310 行.
NOTIC: [8] Use of undefined constant is_robot - assumed 'is_robot' D:\phpStudy\WWW\hiwan\Application\Runtime\Cache\Run\293a963a99f23bd1640cebe0d601550a.php 第 287 行.
NOTIC: [8] Use of undefined constant sex - assumed 'sex' D:\phpStudy\WWW\hiwan\Application\Runtime\Cache\Run\293a963a99f23bd1640cebe0d601550a.php 第 295 行.
NOTIC: [8] Use of undefined constant status - assumed 'status' D:\phpStudy\WWW\hiwan\Application\Runtime\Cache\Run\293a963a99f23bd1640cebe0d601550a.php 第 299 行.
NOTIC: [8] Use of undefined constant status - assumed 'status' D:\phpStudy\WWW\hiwan\Application\Runtime\Cache\Run\293a963a99f23bd1640cebe0d601550a.php 第 300 行.
NOTIC: [8] Use of undefined constant id - assumed 'id' D:\phpStudy\WWW\hiwan\Application\Runtime\Cache\Run\293a963a99f23bd1640cebe0d601550a.php 第 304 行.
NOTIC: [8] Use of undefined constant source - assumed 'source' D:\phpStudy\WWW\hiwan\Application\Runtime\Cache\Run\293a963a99f23bd1640cebe0d601550a.php 第 306 行.
NOTIC: [8] Undefined index: source_name D:\phpStudy\WWW\hiwan\Application\Runtime\Cache\Run\293a963a99f23bd1640cebe0d601550a.php 第 306 行.
NOTIC: [8] Use of undefined constant id - assumed 'id' D:\phpStudy\WWW\hiwan\Application\Runtime\Cache\Run\293a963a99f23bd1640cebe0d601550a.php 第 309 行.
NOTIC: [8] Use of undefined constant status - assumed 'status' D:\phpStudy\WWW\hiwan\Application\Runtime\Cache\Run\293a963a99f23bd1640cebe0d601550a.php 第 310 行.
NOTIC: [8] Use of undefined constant is_robot - assumed 'is_robot' D:\phpStudy\WWW\hiwan\Application\Runtime\Cache\Run\293a963a99f23bd1640cebe0d601550a.php 第 287 行.
NOTIC: [8] Use of undefined constant sex - assumed 'sex' D:\phpStudy\WWW\hiwan\Application\Runtime\Cache\Run\293a963a99f23bd1640cebe0d601550a.php 第 295 行.
NOTIC: [8] Use of undefined constant status - assumed 'status' D:\phpStudy\WWW\hiwan\Application\Runtime\Cache\Run\293a963a99f23bd1640cebe0d601550a.php 第 299 行.
NOTIC: [8] Use of undefined constant status - assumed 'status' D:\phpStudy\WWW\hiwan\Application\Runtime\Cache\Run\293a963a99f23bd1640cebe0d601550a.php 第 300 行.
NOTIC: [8] Use of undefined constant id - assumed 'id' D:\phpStudy\WWW\hiwan\Application\Runtime\Cache\Run\293a963a99f23bd1640cebe0d601550a.php 第 304 行.
NOTIC: [8] Use of undefined constant source - assumed 'source' D:\phpStudy\WWW\hiwan\Application\Runtime\Cache\Run\293a963a99f23bd1640cebe0d601550a.php 第 306 行.
NOTIC: [8] Undefined index: source_name D:\phpStudy\WWW\hiwan\Application\Runtime\Cache\Run\293a963a99f23bd1640cebe0d601550a.php 第 306 行.
NOTIC: [8] Use of undefined constant id - assumed 'id' D:\phpStudy\WWW\hiwan\Application\Runtime\Cache\Run\293a963a99f23bd1640cebe0d601550a.php 第 309 行.
NOTIC: [8] Use of undefined constant status - assumed 'status' D:\phpStudy\WWW\hiwan\Application\Runtime\Cache\Run\293a963a99f23bd1640cebe0d601550a.php 第 310 行.
NOTIC: [8] Use of undefined constant is_robot - assumed 'is_robot' D:\phpStudy\WWW\hiwan\Application\Runtime\Cache\Run\293a963a99f23bd1640cebe0d601550a.php 第 287 行.
NOTIC: [8] Use of undefined constant sex - assumed 'sex' D:\phpStudy\WWW\hiwan\Application\Runtime\Cache\Run\293a963a99f23bd1640cebe0d601550a.php 第 295 行.
NOTIC: [8] Use of undefined constant status - assumed 'status' D:\phpStudy\WWW\hiwan\Application\Runtime\Cache\Run\293a963a99f23bd1640cebe0d601550a.php 第 299 行.
NOTIC: [8] Use of undefined constant status - assumed 'status' D:\phpStudy\WWW\hiwan\Application\Runtime\Cache\Run\293a963a99f23bd1640cebe0d601550a.php 第 300 行.
NOTIC: [8] Use of undefined constant id - assumed 'id' D:\phpStudy\WWW\hiwan\Application\Runtime\Cache\Run\293a963a99f23bd1640cebe0d601550a.php 第 304 行.
NOTIC: [8] Use of undefined constant source - assumed 'source' D:\phpStudy\WWW\hiwan\Application\Runtime\Cache\Run\293a963a99f23bd1640cebe0d601550a.php 第 306 行.
NOTIC: [8] Undefined index: source_name D:\phpStudy\WWW\hiwan\Application\Runtime\Cache\Run\293a963a99f23bd1640cebe0d601550a.php 第 306 行.
NOTIC: [8] Use of undefined constant id - assumed 'id' D:\phpStudy\WWW\hiwan\Application\Runtime\Cache\Run\293a963a99f23bd1640cebe0d601550a.php 第 309 行.
NOTIC: [8] Use of undefined constant status - assumed 'status' D:\phpStudy\WWW\hiwan\Application\Runtime\Cache\Run\293a963a99f23bd1640cebe0d601550a.php 第 310 行.
NOTIC: [8] Use of undefined constant is_robot - assumed 'is_robot' D:\phpStudy\WWW\hiwan\Application\Runtime\Cache\Run\293a963a99f23bd1640cebe0d601550a.php 第 287 行.
NOTIC: [8] Use of undefined constant sex - assumed 'sex' D:\phpStudy\WWW\hiwan\Application\Runtime\Cache\Run\293a963a99f23bd1640cebe0d601550a.php 第 295 行.
NOTIC: [8] Use of undefined constant status - assumed 'status' D:\phpStudy\WWW\hiwan\Application\Runtime\Cache\Run\293a963a99f23bd1640cebe0d601550a.php 第 299 行.
NOTIC: [8] Use of undefined constant status - assumed 'status' D:\phpStudy\WWW\hiwan\Application\Runtime\Cache\Run\293a963a99f23bd1640cebe0d601550a.php 第 300 行.
NOTIC: [8] Use of undefined constant id - assumed 'id' D:\phpStudy\WWW\hiwan\Application\Runtime\Cache\Run\293a963a99f23bd1640cebe0d601550a.php 第 304 行.
NOTIC: [8] Use of undefined constant source - assumed 'source' D:\phpStudy\WWW\hiwan\Application\Runtime\Cache\Run\293a963a99f23bd1640cebe0d601550a.php 第 306 行.
NOTIC: [8] Undefined index: source_name D:\phpStudy\WWW\hiwan\Application\Runtime\Cache\Run\293a963a99f23bd1640cebe0d601550a.php 第 306 行.
NOTIC: [8] Use of undefined constant id - assumed 'id' D:\phpStudy\WWW\hiwan\Application\Runtime\Cache\Run\293a963a99f23bd1640cebe0d601550a.php 第 309 行.
NOTIC: [8] Use of undefined constant status - assumed 'status' D:\phpStudy\WWW\hiwan\Application\Runtime\Cache\Run\293a963a99f23bd1640cebe0d601550a.php 第 310 行.
NOTIC: [8] Use of undefined constant is_robot - assumed 'is_robot' D:\phpStudy\WWW\hiwan\Application\Runtime\Cache\Run\293a963a99f23bd1640cebe0d601550a.php 第 287 行.
NOTIC: [8] Use of undefined constant sex - assumed 'sex' D:\phpStudy\WWW\hiwan\Application\Runtime\Cache\Run\293a963a99f23bd1640cebe0d601550a.php 第 295 行.
NOTIC: [8] Use of undefined constant status - assumed 'status' D:\phpStudy\WWW\hiwan\Application\Runtime\Cache\Run\293a963a99f23bd1640cebe0d601550a.php 第 299 行.
NOTIC: [8] Use of undefined constant status - assumed 'status' D:\phpStudy\WWW\hiwan\Application\Runtime\Cache\Run\293a963a99f23bd1640cebe0d601550a.php 第 300 行.
NOTIC: [8] Use of undefined constant id - assumed 'id' D:\phpStudy\WWW\hiwan\Application\Runtime\Cache\Run\293a963a99f23bd1640cebe0d601550a.php 第 304 行.
NOTIC: [8] Use of undefined constant source - assumed 'source' D:\phpStudy\WWW\hiwan\Application\Runtime\Cache\Run\293a963a99f23bd1640cebe0d601550a.php 第 306 行.
NOTIC: [8] Undefined index: source_name D:\phpStudy\WWW\hiwan\Application\Runtime\Cache\Run\293a963a99f23bd1640cebe0d601550a.php 第 306 行.
NOTIC: [8] Use of undefined constant id - assumed 'id' D:\phpStudy\WWW\hiwan\Application\Runtime\Cache\Run\293a963a99f23bd1640cebe0d601550a.php 第 309 行.
NOTIC: [8] Use of undefined constant status - assumed 'status' D:\phpStudy\WWW\hiwan\Application\Runtime\Cache\Run\293a963a99f23bd1640cebe0d601550a.php 第 310 行.
NOTIC: [8] Use of undefined constant is_robot - assumed 'is_robot' D:\phpStudy\WWW\hiwan\Application\Runtime\Cache\Run\293a963a99f23bd1640cebe0d601550a.php 第 287 行.
NOTIC: [8] Use of undefined constant sex - assumed 'sex' D:\phpStudy\WWW\hiwan\Application\Runtime\Cache\Run\293a963a99f23bd1640cebe0d601550a.php 第 295 行.
NOTIC: [8] Use of undefined constant status - assumed 'status' D:\phpStudy\WWW\hiwan\Application\Runtime\Cache\Run\293a963a99f23bd1640cebe0d601550a.php 第 299 行.
NOTIC: [8] Use of undefined constant status - assumed 'status' D:\phpStudy\WWW\hiwan\Application\Runtime\Cache\Run\293a963a99f23bd1640cebe0d601550a.php 第 300 行.
NOTIC: [8] Use of undefined constant id - assumed 'id' D:\phpStudy\WWW\hiwan\Application\Runtime\Cache\Run\293a963a99f23bd1640cebe0d601550a.php 第 304 行.
NOTIC: [8] Use of undefined constant source - assumed 'source' D:\phpStudy\WWW\hiwan\Application\Runtime\Cache\Run\293a963a99f23bd1640cebe0d601550a.php 第 306 行.
NOTIC: [8] Undefined index: source_name D:\phpStudy\WWW\hiwan\Application\Runtime\Cache\Run\293a963a99f23bd1640cebe0d601550a.php 第 306 行.
NOTIC: [8] Use of undefined constant id - assumed 'id' D:\phpStudy\WWW\hiwan\Application\Runtime\Cache\Run\293a963a99f23bd1640cebe0d601550a.php 第 309 行.
NOTIC: [8] Use of undefined constant status - assumed 'status' D:\phpStudy\WWW\hiwan\Application\Runtime\Cache\Run\293a963a99f23bd1640cebe0d601550a.php 第 310 行.
NOTIC: [8] Use of undefined constant is_robot - assumed 'is_robot' D:\phpStudy\WWW\hiwan\Application\Runtime\Cache\Run\293a963a99f23bd1640cebe0d601550a.php 第 287 行.
NOTIC: [8] Use of undefined constant sex - assumed 'sex' D:\phpStudy\WWW\hiwan\Application\Runtime\Cache\Run\293a963a99f23bd1640cebe0d601550a.php 第 295 行.
NOTIC: [8] Use of undefined constant status - assumed 'status' D:\phpStudy\WWW\hiwan\Application\Runtime\Cache\Run\293a963a99f23bd1640cebe0d601550a.php 第 299 行.
NOTIC: [8] Use of undefined constant status - assumed 'status' D:\phpStudy\WWW\hiwan\Application\Runtime\Cache\Run\293a963a99f23bd1640cebe0d601550a.php 第 300 行.
NOTIC: [8] Use of undefined constant id - assumed 'id' D:\phpStudy\WWW\hiwan\Application\Runtime\Cache\Run\293a963a99f23bd1640cebe0d601550a.php 第 304 行.
NOTIC: [8] Use of undefined constant source - assumed 'source' D:\phpStudy\WWW\hiwan\Application\Runtime\Cache\Run\293a963a99f23bd1640cebe0d601550a.php 第 306 行.
NOTIC: [8] Undefined index: source_name D:\phpStudy\WWW\hiwan\Application\Runtime\Cache\Run\293a963a99f23bd1640cebe0d601550a.php 第 306 行.
NOTIC: [8] Use of undefined constant id - assumed 'id' D:\phpStudy\WWW\hiwan\Application\Runtime\Cache\Run\293a963a99f23bd1640cebe0d601550a.php 第 309 行.
NOTIC: [8] Use of undefined constant status - assumed 'status' D:\phpStudy\WWW\hiwan\Application\Runtime\Cache\Run\293a963a99f23bd1640cebe0d601550a.php 第 310 行.
INFO: Run Behavior\ParseTemplateBehavior [ RunTime:0.015000s ]
INFO: [ view_parse ] --END-- [ RunTime:0.015000s ]
INFO: [ view_filter ] --START--
INFO: Run Behavior\WriteHtmlCacheBehavior [ RunTime:0.001000s ]
INFO: [ view_filter ] --END-- [ RunTime:0.001000s ]
INFO: [ app_end ] --START--
INFO: Run Behavior\ShowPageTraceBehavior [ RunTime:0.000000s ]
INFO: [ app_end ] --END-- [ RunTime:0.000000s ]

[ 2018-04-20T16:12:05+08:00 ] 127.0.0.1 /Run/User/index.html
INFO: [ app_init ] --START--
INFO: Run Behavior\BuildLiteBehavior [ RunTime:0.000000s ]
INFO: [ app_init ] --END-- [ RunTime:0.000000s ]
INFO: [ app_begin ] --START--
INFO: Run Behavior\ReadHtmlCacheBehavior [ RunTime:0.001000s ]
INFO: [ app_begin ] --END-- [ RunTime:0.001000s ]
SQL: SHOW COLUMNS FROM `hiwan_user` [ RunTime:0.0030s ]
NOTIC: [8] Undefined variable: map D:\phpStudy\WWW\hiwan\Application\Run\Controller\UserController.class.php 第 29 行.
SQL: SELECT * FROM `hiwan_user` ORDER BY is_robot asc,id desc  [ RunTime:0.0010s ]
SQL: SHOW COLUMNS FROM `hiwan_activity` [ RunTime:0.0030s ]
SQL: SELECT * FROM `hiwan_activity` WHERE `initiate_user_id` = 10  [ RunTime:0.0010s ]
SQL: SHOW COLUMNS FROM `hiwan_user_invited` [ RunTime:0.0040s ]
SQL: SELECT * FROM `hiwan_user_invited` WHERE `user_id` = 10  [ RunTime:0.0000s ]
SQL: SHOW COLUMNS FROM `hiwan_user_collection` [ RunTime:0.0040s ]
SQL: SELECT * FROM `hiwan_user_collection` WHERE `user_id` = 10  [ RunTime:0.0000s ]
SQL: SHOW COLUMNS FROM `hiwan_user_cancel` [ RunTime:0.0030s ]
SQL: SELECT * FROM `hiwan_user_cancel` WHERE `user_id` = 10  [ RunTime:0.0000s ]
SQL: SELECT * FROM `hiwan_activity` WHERE `initiate_user_id` = 9  [ RunTime:0.0000s ]
SQL: SELECT * FROM `hiwan_user_invited` WHERE `user_id` = 9  [ RunTime:0.0000s ]
SQL: SELECT * FROM `hiwan_user_collection` WHERE `user_id` = 9  [ RunTime:0.0000s ]
SQL: SELECT * FROM `hiwan_user_cancel` WHERE `user_id` = 9  [ RunTime:0.0010s ]
SQL: SELECT * FROM `hiwan_activity` WHERE `initiate_user_id` = 8  [ RunTime:0.0000s ]
SQL: SELECT * FROM `hiwan_user_invited` WHERE `user_id` = 8  [ RunTime:0.0000s ]
SQL: SELECT * FROM `hiwan_user_collection` WHERE `user_id` = 8  [ RunTime:0.0000s ]
SQL: SELECT * FROM `hiwan_user_cancel` WHERE `user_id` = 8  [ RunTime:0.0010s ]
SQL: SELECT * FROM `hiwan_activity` WHERE `initiate_user_id` = 7  [ RunTime:0.0000s ]
SQL: SELECT * FROM `hiwan_user_invited` WHERE `user_id` = 7  [ RunTime:0.0000s ]
SQL: SELECT * FROM `hiwan_user_collection` WHERE `user_id` = 7  [ RunTime:0.0000s ]
SQL: SELECT * FROM `hiwan_user_cancel` WHERE `user_id` = 7  [ RunTime:0.0010s ]
SQL: SELECT * FROM `hiwan_activity` WHERE `initiate_user_id` = 6  [ RunTime:0.0000s ]
SQL: SELECT * FROM `hiwan_user_invited` WHERE `user_id` = 6  [ RunTime:0.0000s ]
SQL: SELECT * FROM `hiwan_user_collection` WHERE `user_id` = 6  [ RunTime:0.0000s ]
SQL: SELECT * FROM `hiwan_user_cancel` WHERE `user_id` = 6  [ RunTime:0.0000s ]
SQL: SELECT * FROM `hiwan_activity` WHERE `initiate_user_id` = 5  [ RunTime:0.0000s ]
SQL: SELECT * FROM `hiwan_user_invited` WHERE `user_id` = 5  [ RunTime:0.0000s ]
SQL: SELECT * FROM `hiwan_user_collection` WHERE `user_id` = 5  [ RunTime:0.0000s ]
SQL: SELECT * FROM `hiwan_user_cancel` WHERE `user_id` = 5  [ RunTime:0.0000s ]
SQL: SELECT * FROM `hiwan_activity` WHERE `initiate_user_id` = 4  [ RunTime:0.0000s ]
SQL: SELECT * FROM `hiwan_user_invited` WHERE `user_id` = 4  [ RunTime:0.0000s ]
SQL: SELECT * FROM `hiwan_user_collection` WHERE `user_id` = 4  [ RunTime:0.0000s ]
SQL: SELECT * FROM `hiwan_user_cancel` WHERE `user_id` = 4  [ RunTime:0.0000s ]
SQL: SELECT * FROM `hiwan_activity` WHERE `initiate_user_id` = 3  [ RunTime:0.0000s ]
SQL: SELECT * FROM `hiwan_user_invited` WHERE `user_id` = 3  [ RunTime:0.0000s ]
SQL: SELECT * FROM `hiwan_user_collection` WHERE `user_id` = 3  [ RunTime:0.0010s ]
SQL: SELECT * FROM `hiwan_user_cancel` WHERE `user_id` = 3  [ RunTime:0.0000s ]
SQL: SELECT * FROM `hiwan_activity` WHERE `initiate_user_id` = 2  [ RunTime:0.0000s ]
SQL: SELECT * FROM `hiwan_user_invited` WHERE `user_id` = 2  [ RunTime:0.0000s ]
SQL: SELECT * FROM `hiwan_user_collection` WHERE `user_id` = 2  [ RunTime:0.0000s ]
SQL: SELECT * FROM `hiwan_user_cancel` WHERE `user_id` = 2  [ RunTime:0.0000s ]
SQL: SELECT * FROM `hiwan_activity` WHERE `initiate_user_id` = 1  [ RunTime:0.0000s ]
SQL: SELECT * FROM `hiwan_user_invited` WHERE `user_id` = 1  [ RunTime:0.0000s ]
SQL: SELECT * FROM `hiwan_user_collection` WHERE `user_id` = 1  [ RunTime:0.0000s ]
SQL: SELECT * FROM `hiwan_user_cancel` WHERE `user_id` = 1  [ RunTime:0.0000s ]
INFO: [ view_parse ] --START--
INFO: [ template_filter ] --START--
INFO: Run Behavior\ContentReplaceBehavior [ RunTime:0.000000s ]
INFO: [ template_filter ] --END-- [ RunTime:0.000000s ]
SQL: SHOW COLUMNS FROM `hiwan_system` [ RunTime:0.0040s ]
SQL: SELECT * FROM `hiwan_system` WHERE `var` = 'web_name' LIMIT 1   [ RunTime:0.0000s ]
SQL: SELECT * FROM `hiwan_system` WHERE `var` = 'web_logo' LIMIT 1   [ RunTime:0.0000s ]
SQL: SELECT * FROM `hiwan_system` WHERE `var` = 'web_name' LIMIT 1   [ RunTime:0.0000s ]
NOTIC: [8] Use of undefined constant subscribe - assumed 'subscribe' D:\phpStudy\WWW\hiwan\Application\Runtime\Cache\Run\b39ae727327dab877dbfb6d5931d5974.php 第 295 行.
NOTIC: [8] Use of undefined constant is_robot - assumed 'is_robot' D:\phpStudy\WWW\hiwan\Application\Runtime\Cache\Run\b39ae727327dab877dbfb6d5931d5974.php 第 300 行.
NOTIC: [8] Use of undefined constant sex - assumed 'sex' D:\phpStudy\WWW\hiwan\Application\Runtime\Cache\Run\b39ae727327dab877dbfb6d5931d5974.php 第 311 行.
NOTIC: [8] Use of undefined constant status - assumed 'status' D:\phpStudy\WWW\hiwan\Application\Runtime\Cache\Run\b39ae727327dab877dbfb6d5931d5974.php 第 315 行.
NOTIC: [8] Use of undefined constant status - assumed 'status' D:\phpStudy\WWW\hiwan\Application\Runtime\Cache\Run\b39ae727327dab877dbfb6d5931d5974.php 第 316 行.
NOTIC: [8] Use of undefined constant id - assumed 'id' D:\phpStudy\WWW\hiwan\Application\Runtime\Cache\Run\b39ae727327dab877dbfb6d5931d5974.php 第 320 行.
NOTIC: [8] Use of undefined constant id - assumed 'id' D:\phpStudy\WWW\hiwan\Application\Runtime\Cache\Run\b39ae727327dab877dbfb6d5931d5974.php 第 321 行.
NOTIC: [8] Use of undefined constant id - assumed 'id' D:\phpStudy\WWW\hiwan\Application\Runtime\Cache\Run\b39ae727327dab877dbfb6d5931d5974.php 第 322 行.
NOTIC: [8] Use of undefined constant id - assumed 'id' D:\phpStudy\WWW\hiwan\Application\Runtime\Cache\Run\b39ae727327dab877dbfb6d5931d5974.php 第 323 行.
NOTIC: [8] Use of undefined constant source - assumed 'source' D:\phpStudy\WWW\hiwan\Application\Runtime\Cache\Run\b39ae727327dab877dbfb6d5931d5974.php 第 326 行.
NOTIC: [8] Undefined index: source_name D:\phpStudy\WWW\hiwan\Application\Runtime\Cache\Run\b39ae727327dab877dbfb6d5931d5974.php 第 326 行.
NOTIC: [8] Use of undefined constant id - assumed 'id' D:\phpStudy\WWW\hiwan\Application\Runtime\Cache\Run\b39ae727327dab877dbfb6d5931d5974.php 第 329 行.
NOTIC: [8] Use of undefined constant status - assumed 'status' D:\phpStudy\WWW\hiwan\Application\Runtime\Cache\Run\b39ae727327dab877dbfb6d5931d5974.php 第 330 行.
NOTIC: [8] Use of undefined constant subscribe - assumed 'subscribe' D:\phpStudy\WWW\hiwan\Application\Runtime\Cache\Run\b39ae727327dab877dbfb6d5931d5974.php 第 295 行.
NOTIC: [8] Use of undefined constant is_robot - assumed 'is_robot' D:\phpStudy\WWW\hiwan\Application\Runtime\Cache\Run\b39ae727327dab877dbfb6d5931d5974.php 第 300 行.
NOTIC: [8] Use of undefined constant sex - assumed 'sex' D:\phpStudy\WWW\hiwan\Application\Runtime\Cache\Run\b39ae727327dab877dbfb6d5931d5974.php 第 311 行.
NOTIC: [8] Use of undefined constant status - assumed 'status' D:\phpStudy\WWW\hiwan\Application\Runtime\Cache\Run\b39ae727327dab877dbfb6d5931d5974.php 第 315 行.
NOTIC: [8] Use of undefined constant status - assumed 'status' D:\phpStudy\WWW\hiwan\Application\Runtime\Cache\Run\b39ae727327dab877dbfb6d5931d5974.php 第 316 行.
NOTIC: [8] Use of undefined constant id - assumed 'id' D:\phpStudy\WWW\hiwan\Application\Runtime\Cache\Run\b39ae727327dab877dbfb6d5931d5974.php 第 320 行.
NOTIC: [8] Use of undefined constant id - assumed 'id' D:\phpStudy\WWW\hiwan\Application\Runtime\Cache\Run\b39ae727327dab877dbfb6d5931d5974.php 第 321 行.
NOTIC: [8] Use of undefined constant id - assumed 'id' D:\phpStudy\WWW\hiwan\Application\Runtime\Cache\Run\b39ae727327dab877dbfb6d5931d5974.php 第 322 行.
NOTIC: [8] Use of undefined constant id - assumed 'id' D:\phpStudy\WWW\hiwan\Application\Runtime\Cache\Run\b39ae727327dab877dbfb6d5931d5974.php 第 323 行.
NOTIC: [8] Use of undefined constant source - assumed 'source' D:\phpStudy\WWW\hiwan\Application\Runtime\Cache\Run\b39ae727327dab877dbfb6d5931d5974.php 第 326 行.
NOTIC: [8] Undefined index: source_name D:\phpStudy\WWW\hiwan\Application\Runtime\Cache\Run\b39ae727327dab877dbfb6d5931d5974.php 第 326 行.
NOTIC: [8] Use of undefined constant id - assumed 'id' D:\phpStudy\WWW\hiwan\Application\Runtime\Cache\Run\b39ae727327dab877dbfb6d5931d5974.php 第 329 行.
NOTIC: [8] Use of undefined constant status - assumed 'status' D:\phpStudy\WWW\hiwan\Application\Runtime\Cache\Run\b39ae727327dab877dbfb6d5931d5974.php 第 330 行.
NOTIC: [8] Use of undefined constant subscribe - assumed 'subscribe' D:\phpStudy\WWW\hiwan\Application\Runtime\Cache\Run\b39ae727327dab877dbfb6d5931d5974.php 第 295 行.
NOTIC: [8] Use of undefined constant is_robot - assumed 'is_robot' D:\phpStudy\WWW\hiwan\Application\Runtime\Cache\Run\b39ae727327dab877dbfb6d5931d5974.php 第 300 行.
NOTIC: [8] Use of undefined constant sex - assumed 'sex' D:\phpStudy\WWW\hiwan\Application\Runtime\Cache\Run\b39ae727327dab877dbfb6d5931d5974.php 第 311 行.
NOTIC: [8] Use of undefined constant status - assumed 'status' D:\phpStudy\WWW\hiwan\Application\Runtime\Cache\Run\b39ae727327dab877dbfb6d5931d5974.php 第 315 行.
NOTIC: [8] Use of undefined constant status - assumed 'status' D:\phpStudy\WWW\hiwan\Application\Runtime\Cache\Run\b39ae727327dab877dbfb6d5931d5974.php 第 316 行.
NOTIC: [8] Use of undefined constant id - assumed 'id' D:\phpStudy\WWW\hiwan\Application\Runtime\Cache\Run\b39ae727327dab877dbfb6d5931d5974.php 第 320 行.
NOTIC: [8] Use of undefined constant id - assumed 'id' D:\phpStudy\WWW\hiwan\Application\Runtime\Cache\Run\b39ae727327dab877dbfb6d5931d5974.php 第 321 行.
NOTIC: [8] Use of undefined constant id - assumed 'id' D:\phpStudy\WWW\hiwan\Application\Runtime\Cache\Run\b39ae727327dab877dbfb6d5931d5974.php 第 322 行.
NOTIC: [8] Use of undefined constant id - assumed 'id' D:\phpStudy\WWW\hiwan\Application\Runtime\Cache\Run\b39ae727327dab877dbfb6d5931d5974.php 第 323 行.
NOTIC: [8] Use of undefined constant source - assumed 'source' D:\phpStudy\WWW\hiwan\Application\Runtime\Cache\Run\b39ae727327dab877dbfb6d5931d5974.php 第 326 行.
NOTIC: [8] Undefined index: source_name D:\phpStudy\WWW\hiwan\Application\Runtime\Cache\Run\b39ae727327dab877dbfb6d5931d5974.php 第 326 行.
NOTIC: [8] Use of undefined constant id - assumed 'id' D:\phpStudy\WWW\hiwan\Application\Runtime\Cache\Run\b39ae727327dab877dbfb6d5931d5974.php 第 329 行.
NOTIC: [8] Use of undefined constant status - assumed 'status' D:\phpStudy\WWW\hiwan\Application\Runtime\Cache\Run\b39ae727327dab877dbfb6d5931d5974.php 第 330 行.
NOTIC: [8] Use of undefined constant subscribe - assumed 'subscribe' D:\phpStudy\WWW\hiwan\Application\Runtime\Cache\Run\b39ae727327dab877dbfb6d5931d5974.php 第 295 行.
NOTIC: [8] Use of undefined constant is_robot - assumed 'is_robot' D:\phpStudy\WWW\hiwan\Application\Runtime\Cache\Run\b39ae727327dab877dbfb6d5931d5974.php 第 300 行.
NOTIC: [8] Use of undefined constant sex - assumed 'sex' D:\phpStudy\WWW\hiwan\Application\Runtime\Cache\Run\b39ae727327dab877dbfb6d5931d5974.php 第 311 行.
NOTIC: [8] Use of undefined constant status - assumed 'status' D:\phpStudy\WWW\hiwan\Application\Runtime\Cache\Run\b39ae727327dab877dbfb6d5931d5974.php 第 315 行.
NOTIC: [8] Use of undefined constant status - assumed 'status' D:\phpStudy\WWW\hiwan\Application\Runtime\Cache\Run\b39ae727327dab877dbfb6d5931d5974.php 第 316 行.
NOTIC: [8] Use of undefined constant id - assumed 'id' D:\phpStudy\WWW\hiwan\Application\Runtime\Cache\Run\b39ae727327dab877dbfb6d5931d5974.php 第 320 行.
NOTIC: [8] Use of undefined constant id - assumed 'id' D:\phpStudy\WWW\hiwan\Application\Runtime\Cache\Run\b39ae727327dab877dbfb6d5931d5974.php 第 321 行.
NOTIC: [8] Use of undefined constant id - assumed 'id' D:\phpStudy\WWW\hiwan\Application\Runtime\Cache\Run\b39ae727327dab877dbfb6d5931d5974.php 第 322 行.
NOTIC: [8] Use of undefined constant id - assumed 'id' D:\phpStudy\WWW\hiwan\Application\Runtime\Cache\Run\b39ae727327dab877dbfb6d5931d5974.php 第 323 行.
NOTIC: [8] Use of undefined constant source - assumed 'source' D:\phpStudy\WWW\hiwan\Application\Runtime\Cache\Run\b39ae727327dab877dbfb6d5931d5974.php 第 326 行.
NOTIC: [8] Undefined index: source_name D:\phpStudy\WWW\hiwan\Application\Runtime\Cache\Run\b39ae727327dab877dbfb6d5931d5974.php 第 326 行.
NOTIC: [8] Use of undefined constant id - assumed 'id' D:\phpStudy\WWW\hiwan\Application\Runtime\Cache\Run\b39ae727327dab877dbfb6d5931d5974.php 第 329 行.
NOTIC: [8] Use of undefined constant status - assumed 'status' D:\phpStudy\WWW\hiwan\Application\Runtime\Cache\Run\b39ae727327dab877dbfb6d5931d5974.php 第 330 行.
NOTIC: [8] Use of undefined constant subscribe - assumed 'subscribe' D:\phpStudy\WWW\hiwan\Application\Runtime\Cache\Run\b39ae727327dab877dbfb6d5931d5974.php 第 295 行.
NOTIC: [8] Use of undefined constant is_robot - assumed 'is_robot' D:\phpStudy\WWW\hiwan\Application\Runtime\Cache\Run\b39ae727327dab877dbfb6d5931d5974.php 第 300 行.
NOTIC: [8] Use of undefined constant sex - assumed 'sex' D:\phpStudy\WWW\hiwan\Application\Runtime\Cache\Run\b39ae727327dab877dbfb6d5931d5974.php 第 311 行.
NOTIC: [8] Use of undefined constant status - assumed 'status' D:\phpStudy\WWW\hiwan\Application\Runtime\Cache\Run\b39ae727327dab877dbfb6d5931d5974.php 第 315 行.
NOTIC: [8] Use of undefined constant status - assumed 'status' D:\phpStudy\WWW\hiwan\Application\Runtime\Cache\Run\b39ae727327dab877dbfb6d5931d5974.php 第 316 行.
NOTIC: [8] Use of undefined constant id - assumed 'id' D:\phpStudy\WWW\hiwan\Application\Runtime\Cache\Run\b39ae727327dab877dbfb6d5931d5974.php 第 320 行.
NOTIC: [8] Use of undefined constant id - assumed 'id' D:\phpStudy\WWW\hiwan\Application\Runtime\Cache\Run\b39ae727327dab877dbfb6d5931d5974.php 第 321 行.
NOTIC: [8] Use of undefined constant id - assumed 'id' D:\phpStudy\WWW\hiwan\Application\Runtime\Cache\Run\b39ae727327dab877dbfb6d5931d5974.php 第 322 行.
NOTIC: [8] Use of undefined constant id - assumed 'id' D:\phpStudy\WWW\hiwan\Application\Runtime\Cache\Run\b39ae727327dab877dbfb6d5931d5974.php 第 323 行.
NOTIC: [8] Use of undefined constant source - assumed 'source' D:\phpStudy\WWW\hiwan\Application\Runtime\Cache\Run\b39ae727327dab877dbfb6d5931d5974.php 第 326 行.
NOTIC: [8] Undefined index: source_name D:\phpStudy\WWW\hiwan\Application\Runtime\Cache\Run\b39ae727327dab877dbfb6d5931d5974.php 第 326 行.
NOTIC: [8] Use of undefined constant id - assumed 'id' D:\phpStudy\WWW\hiwan\Application\Runtime\Cache\Run\b39ae727327dab877dbfb6d5931d5974.php 第 329 行.
NOTIC: [8] Use of undefined constant status - assumed 'status' D:\phpStudy\WWW\hiwan\Application\Runtime\Cache\Run\b39ae727327dab877dbfb6d5931d5974.php 第 330 行.
NOTIC: [8] Use of undefined constant subscribe - assumed 'subscribe' D:\phpStudy\WWW\hiwan\Application\Runtime\Cache\Run\b39ae727327dab877dbfb6d5931d5974.php 第 295 行.
NOTIC: [8] Use of undefined constant is_robot - assumed 'is_robot' D:\phpStudy\WWW\hiwan\Application\Runtime\Cache\Run\b39ae727327dab877dbfb6d5931d5974.php 第 300 行.
NOTIC: [8] Use of undefined constant sex - assumed 'sex' D:\phpStudy\WWW\hiwan\Application\Runtime\Cache\Run\b39ae727327dab877dbfb6d5931d5974.php 第 311 行.
NOTIC: [8] Use of undefined constant status - assumed 'status' D:\phpStudy\WWW\hiwan\Application\Runtime\Cache\Run\b39ae727327dab877dbfb6d5931d5974.php 第 315 行.
NOTIC: [8] Use of undefined constant status - assumed 'status' D:\phpStudy\WWW\hiwan\Application\Runtime\Cache\Run\b39ae727327dab877dbfb6d5931d5974.php 第 316 行.
NOTIC: [8] Use of undefined constant id - assumed 'id' D:\phpStudy\WWW\hiwan\Application\Runtime\Cache\Run\b39ae727327dab877dbfb6d5931d5974.php 第 320 行.
NOTIC: [8] Use of undefined constant id - assumed 'id' D:\phpStudy\WWW\hiwan\Application\Runtime\Cache\Run\b39ae727327dab877dbfb6d5931d5974.php 第 321 行.
NOTIC: [8] Use of undefined constant id - assumed 'id' D:\phpStudy\WWW\hiwan\Application\Runtime\Cache\Run\b39ae727327dab877dbfb6d5931d5974.php 第 322 行.
NOTIC: [8] Use of undefined constant id - assumed 'id' D:\phpStudy\WWW\hiwan\Application\Runtime\Cache\Run\b39ae727327dab877dbfb6d5931d5974.php 第 323 行.
NOTIC: [8] Use of undefined constant source - assumed 'source' D:\phpStudy\WWW\hiwan\Application\Runtime\Cache\Run\b39ae727327dab877dbfb6d5931d5974.php 第 326 行.
NOTIC: [8] Undefined index: source_name D:\phpStudy\WWW\hiwan\Application\Runtime\Cache\Run\b39ae727327dab877dbfb6d5931d5974.php 第 326 行.
NOTIC: [8] Use of undefined constant id - assumed 'id' D:\phpStudy\WWW\hiwan\Application\Runtime\Cache\Run\b39ae727327dab877dbfb6d5931d5974.php 第 329 行.
NOTIC: [8] Use of undefined constant status - assumed 'status' D:\phpStudy\WWW\hiwan\Application\Runtime\Cache\Run\b39ae727327dab877dbfb6d5931d5974.php 第 330 行.
NOTIC: [8] Use of undefined constant subscribe - assumed 'subscribe' D:\phpStudy\WWW\hiwan\Application\Runtime\Cache\Run\b39ae727327dab877dbfb6d5931d5974.php 第 295 行.
NOTIC: [8] Use of undefined constant is_robot - assumed 'is_robot' D:\phpStudy\WWW\hiwan\Application\Runtime\Cache\Run\b39ae727327dab877dbfb6d5931d5974.php 第 300 行.
NOTIC: [8] Use of undefined constant sex - assumed 'sex' D:\phpStudy\WWW\hiwan\Application\Runtime\Cache\Run\b39ae727327dab877dbfb6d5931d5974.php 第 311 行.
NOTIC: [8] Use of undefined constant status - assumed 'status' D:\phpStudy\WWW\hiwan\Application\Runtime\Cache\Run\b39ae727327dab877dbfb6d5931d5974.php 第 315 行.
NOTIC: [8] Use of undefined constant status - assumed 'status' D:\phpStudy\WWW\hiwan\Application\Runtime\Cache\Run\b39ae727327dab877dbfb6d5931d5974.php 第 316 行.
NOTIC: [8] Use of undefined constant id - assumed 'id' D:\phpStudy\WWW\hiwan\Application\Runtime\Cache\Run\b39ae727327dab877dbfb6d5931d5974.php 第 320 行.
NOTIC: [8] Use of undefined constant id - assumed 'id' D:\phpStudy\WWW\hiwan\Application\Runtime\Cache\Run\b39ae727327dab877dbfb6d5931d5974.php 第 321 行.
NOTIC: [8] Use of undefined constant id - assumed 'id' D:\phpStudy\WWW\hiwan\Application\Runtime\Cache\Run\b39ae727327dab877dbfb6d5931d5974.php 第 322 行.
NOTIC: [8] Use of undefined constant id - assumed 'id' D:\phpStudy\WWW\hiwan\Application\Runtime\Cache\Run\b39ae727327dab877dbfb6d5931d5974.php 第 323 行.
NOTIC: [8] Use of undefined constant source - assumed 'source' D:\phpStudy\WWW\hiwan\Application\Runtime\Cache\Run\b39ae727327dab877dbfb6d5931d5974.php 第 326 行.
NOTIC: [8] Undefined index: source_name D:\phpStudy\WWW\hiwan\Application\Runtime\Cache\Run\b39ae727327dab877dbfb6d5931d5974.php 第 326 行.
NOTIC: [8] Use of undefined constant id - assumed 'id' D:\phpStudy\WWW\hiwan\Application\Runtime\Cache\Run\b39ae727327dab877dbfb6d5931d5974.php 第 329 行.
NOTIC: [8] Use of undefined constant status - assumed 'status' D:\phpStudy\WWW\hiwan\Application\Runtime\Cache\Run\b39ae727327dab877dbfb6d5931d5974.php 第 330 行.
NOTIC: [8] Use of undefined constant subscribe - assumed 'subscribe' D:\phpStudy\WWW\hiwan\Application\Runtime\Cache\Run\b39ae727327dab877dbfb6d5931d5974.php 第 295 行.
NOTIC: [8] Use of undefined constant is_robot - assumed 'is_robot' D:\phpStudy\WWW\hiwan\Application\Runtime\Cache\Run\b39ae727327dab877dbfb6d5931d5974.php 第 300 行.
NOTIC: [8] Use of undefined constant sex - assumed 'sex' D:\phpStudy\WWW\hiwan\Application\Runtime\Cache\Run\b39ae727327dab877dbfb6d5931d5974.php 第 311 行.
NOTIC: [8] Use of undefined constant status - assumed 'status' D:\phpStudy\WWW\hiwan\Application\Runtime\Cache\Run\b39ae727327dab877dbfb6d5931d5974.php 第 315 行.
NOTIC: [8] Use of undefined constant status - assumed 'status' D:\phpStudy\WWW\hiwan\Application\Runtime\Cache\Run\b39ae727327dab877dbfb6d5931d5974.php 第 316 行.
NOTIC: [8] Use of undefined constant id - assumed 'id' D:\phpStudy\WWW\hiwan\Application\Runtime\Cache\Run\b39ae727327dab877dbfb6d5931d5974.php 第 320 行.
NOTIC: [8] Use of undefined constant id - assumed 'id' D:\phpStudy\WWW\hiwan\Application\Runtime\Cache\Run\b39ae727327dab877dbfb6d5931d5974.php 第 321 行.
NOTIC: [8] Use of undefined constant id - assumed 'id' D:\phpStudy\WWW\hiwan\Application\Runtime\Cache\Run\b39ae727327dab877dbfb6d5931d5974.php 第 322 行.
NOTIC: [8] Use of undefined constant id - assumed 'id' D:\phpStudy\WWW\hiwan\Application\Runtime\Cache\Run\b39ae727327dab877dbfb6d5931d5974.php 第 323 行.
NOTIC: [8] Use of undefined constant source - assumed 'source' D:\phpStudy\WWW\hiwan\Application\Runtime\Cache\Run\b39ae727327dab877dbfb6d5931d5974.php 第 326 行.
NOTIC: [8] Undefined index: source_name D:\phpStudy\WWW\hiwan\Application\Runtime\Cache\Run\b39ae727327dab877dbfb6d5931d5974.php 第 326 行.
NOTIC: [8] Use of undefined constant id - assumed 'id' D:\phpStudy\WWW\hiwan\Application\Runtime\Cache\Run\b39ae727327dab877dbfb6d5931d5974.php 第 329 行.
NOTIC: [8] Use of undefined constant status - assumed 'status' D:\phpStudy\WWW\hiwan\Application\Runtime\Cache\Run\b39ae727327dab877dbfb6d5931d5974.php 第 330 行.
NOTIC: [8] Use of undefined constant subscribe - assumed 'subscribe' D:\phpStudy\WWW\hiwan\Application\Runtime\Cache\Run\b39ae727327dab877dbfb6d5931d5974.php 第 295 行.
NOTIC: [8] Use of undefined constant is_robot - assumed 'is_robot' D:\phpStudy\WWW\hiwan\Application\Runtime\Cache\Run\b39ae727327dab877dbfb6d5931d5974.php 第 300 行.
NOTIC: [8] Use of undefined constant sex - assumed 'sex' D:\phpStudy\WWW\hiwan\Application\Runtime\Cache\Run\b39ae727327dab877dbfb6d5931d5974.php 第 311 行.
NOTIC: [8] Use of undefined constant status - assumed 'status' D:\phpStudy\WWW\hiwan\Application\Runtime\Cache\Run\b39ae727327dab877dbfb6d5931d5974.php 第 315 行.
NOTIC: [8] Use of undefined constant status - assumed 'status' D:\phpStudy\WWW\hiwan\Application\Runtime\Cache\Run\b39ae727327dab877dbfb6d5931d5974.php 第 316 行.
NOTIC: [8] Use of undefined constant id - assumed 'id' D:\phpStudy\WWW\hiwan\Application\Runtime\Cache\Run\b39ae727327dab877dbfb6d5931d5974.php 第 320 行.
NOTIC: [8] Use of undefined constant id - assumed 'id' D:\phpStudy\WWW\hiwan\Application\Runtime\Cache\Run\b39ae727327dab877dbfb6d5931d5974.php 第 321 行.
NOTIC: [8] Use of undefined constant id - assumed 'id' D:\phpStudy\WWW\hiwan\Application\Runtime\Cache\Run\b39ae727327dab877dbfb6d5931d5974.php 第 322 行.
NOTIC: [8] Use of undefined constant id - assumed 'id' D:\phpStudy\WWW\hiwan\Application\Runtime\Cache\Run\b39ae727327dab877dbfb6d5931d5974.php 第 323 行.
NOTIC: [8] Use of undefined constant source - assumed 'source' D:\phpStudy\WWW\hiwan\Application\Runtime\Cache\Run\b39ae727327dab877dbfb6d5931d5974.php 第 326 行.
NOTIC: [8] Undefined index: source_name D:\phpStudy\WWW\hiwan\Application\Runtime\Cache\Run\b39ae727327dab877dbfb6d5931d5974.php 第 326 行.
NOTIC: [8] Use of undefined constant id - assumed 'id' D:\phpStudy\WWW\hiwan\Application\Runtime\Cache\Run\b39ae727327dab877dbfb6d5931d5974.php 第 329 行.
NOTIC: [8] Use of undefined constant status - assumed 'status' D:\phpStudy\WWW\hiwan\Application\Runtime\Cache\Run\b39ae727327dab877dbfb6d5931d5974.php 第 330 行.
NOTIC: [8] Use of undefined constant subscribe - assumed 'subscribe' D:\phpStudy\WWW\hiwan\Application\Runtime\Cache\Run\b39ae727327dab877dbfb6d5931d5974.php 第 295 行.
NOTIC: [8] Use of undefined constant is_robot - assumed 'is_robot' D:\phpStudy\WWW\hiwan\Application\Runtime\Cache\Run\b39ae727327dab877dbfb6d5931d5974.php 第 300 行.
NOTIC: [8] Use of undefined constant sex - assumed 'sex' D:\phpStudy\WWW\hiwan\Application\Runtime\Cache\Run\b39ae727327dab877dbfb6d5931d5974.php 第 311 行.
NOTIC: [8] Use of undefined constant status - assumed 'status' D:\phpStudy\WWW\hiwan\Application\Runtime\Cache\Run\b39ae727327dab877dbfb6d5931d5974.php 第 315 行.
NOTIC: [8] Use of undefined constant status - assumed 'status' D:\phpStudy\WWW\hiwan\Application\Runtime\Cache\Run\b39ae727327dab877dbfb6d5931d5974.php 第 316 行.
NOTIC: [8] Use of undefined constant id - assumed 'id' D:\phpStudy\WWW\hiwan\Application\Runtime\Cache\Run\b39ae727327dab877dbfb6d5931d5974.php 第 320 行.
NOTIC: [8] Use of undefined constant id - assumed 'id' D:\phpStudy\WWW\hiwan\Application\Runtime\Cache\Run\b39ae727327dab877dbfb6d5931d5974.php 第 321 行.
NOTIC: [8] Use of undefined constant id - assumed 'id' D:\phpStudy\WWW\hiwan\Application\Runtime\Cache\Run\b39ae727327dab877dbfb6d5931d5974.php 第 322 行.
NOTIC: [8] Use of undefined constant id - assumed 'id' D:\phpStudy\WWW\hiwan\Application\Runtime\Cache\Run\b39ae727327dab877dbfb6d5931d5974.php 第 323 行.
NOTIC: [8] Use of undefined constant source - assumed 'source' D:\phpStudy\WWW\hiwan\Application\Runtime\Cache\Run\b39ae727327dab877dbfb6d5931d5974.php 第 326 行.
NOTIC: [8] Undefined index: source_name D:\phpStudy\WWW\hiwan\Application\Runtime\Cache\Run\b39ae727327dab877dbfb6d5931d5974.php 第 326 行.
NOTIC: [8] Use of undefined constant id - assumed 'id' D:\phpStudy\WWW\hiwan\Application\Runtime\Cache\Run\b39ae727327dab877dbfb6d5931d5974.php 第 329 行.
NOTIC: [8] Use of undefined constant status - assumed 'status' D:\phpStudy\WWW\hiwan\Application\Runtime\Cache\Run\b39ae727327dab877dbfb6d5931d5974.php 第 330 行.
INFO: Run Behavior\ParseTemplateBehavior [ RunTime:0.022000s ]
INFO: [ view_parse ] --END-- [ RunTime:0.022000s ]
INFO: [ view_filter ] --START--
INFO: Run Behavior\WriteHtmlCacheBehavior [ RunTime:0.000000s ]
INFO: [ view_filter ] --END-- [ RunTime:0.000000s ]
INFO: [ app_end ] --START--
INFO: Run Behavior\ShowPageTraceBehavior [ RunTime:0.001000s ]
INFO: [ app_end ] --END-- [ RunTime:0.001000s ]

[ 2018-04-20T16:12:38+08:00 ] 127.0.0.1 /Run/ActivityCate/index.html
INFO: [ app_init ] --START--
INFO: Run Behavior\BuildLiteBehavior [ RunTime:0.000000s ]
INFO: [ app_init ] --END-- [ RunTime:0.001000s ]
INFO: [ app_begin ] --START--
INFO: Run Behavior\ReadHtmlCacheBehavior [ RunTime:0.001000s ]
INFO: [ app_begin ] --END-- [ RunTime:0.001000s ]
SQL: SHOW COLUMNS FROM `hiwan_activity_cate` [ RunTime:0.0040s ]
SQL: SELECT * FROM `hiwan_activity_cate` ORDER BY id desc  [ RunTime:0.0000s ]
INFO: [ view_parse ] --START--
INFO: [ template_filter ] --START--
INFO: Run Behavior\ContentReplaceBehavior [ RunTime:0.000000s ]
INFO: [ template_filter ] --END-- [ RunTime:0.001000s ]
SQL: SHOW COLUMNS FROM `hiwan_system` [ RunTime:0.0040s ]
SQL: SELECT * FROM `hiwan_system` WHERE `var` = 'web_name' LIMIT 1   [ RunTime:0.0000s ]
SQL: SELECT * FROM `hiwan_system` WHERE `var` = 'web_logo' LIMIT 1   [ RunTime:0.0000s ]
SQL: SELECT * FROM `hiwan_system` WHERE `var` = 'web_name' LIMIT 1   [ RunTime:0.0000s ]
NOTIC: [8] Use of undefined constant status - assumed 'status' D:\phpStudy\WWW\hiwan\Application\Runtime\Cache\Run\6d90b3f85969c870ae48c687c54a5020.php 第 262 行.
NOTIC: [8] Use of undefined constant id - assumed 'id' D:\phpStudy\WWW\hiwan\Application\Runtime\Cache\Run\6d90b3f85969c870ae48c687c54a5020.php 第 269 行.
NOTIC: [8] Use of undefined constant status - assumed 'status' D:\phpStudy\WWW\hiwan\Application\Runtime\Cache\Run\6d90b3f85969c870ae48c687c54a5020.php 第 262 行.
NOTIC: [8] Use of undefined constant id - assumed 'id' D:\phpStudy\WWW\hiwan\Application\Runtime\Cache\Run\6d90b3f85969c870ae48c687c54a5020.php 第 269 行.
NOTIC: [8] Use of undefined constant status - assumed 'status' D:\phpStudy\WWW\hiwan\Application\Runtime\Cache\Run\6d90b3f85969c870ae48c687c54a5020.php 第 262 行.
NOTIC: [8] Use of undefined constant id - assumed 'id' D:\phpStudy\WWW\hiwan\Application\Runtime\Cache\Run\6d90b3f85969c870ae48c687c54a5020.php 第 269 行.
INFO: Run Behavior\ParseTemplateBehavior [ RunTime:0.016000s ]
INFO: [ view_parse ] --END-- [ RunTime:0.016000s ]
INFO: [ view_filter ] --START--
INFO: Run Behavior\WriteHtmlCacheBehavior [ RunTime:0.000000s ]
INFO: [ view_filter ] --END-- [ RunTime:0.000000s ]
INFO: [ app_end ] --START--
INFO: Run Behavior\ShowPageTraceBehavior [ RunTime:0.000000s ]
INFO: [ app_end ] --END-- [ RunTime:0.000000s ]

[ 2018-04-20T16:12:41+08:00 ] 127.0.0.1 /Run/Category/index.html
INFO: [ app_init ] --START--
INFO: Run Behavior\BuildLiteBehavior [ RunTime:0.000000s ]
INFO: [ app_init ] --END-- [ RunTime:0.001000s ]
INFO: [ app_begin ] --START--
INFO: Run Behavior\ReadHtmlCacheBehavior [ RunTime:0.001000s ]
INFO: [ app_begin ] --END-- [ RunTime:0.001000s ]
NOTIC: [8] Use of undefined constant int - assumed 'int' D:\phpStudy\WWW\hiwan\Application\Run\Controller\CategoryController.class.php 第 22 行.
SQL: SHOW COLUMNS FROM `hiwan_category` [ RunTime:0.0030s ]
SQL: SELECT * FROM `hiwan_category` WHERE `pid` = 0 ORDER BY sort desc  [ RunTime:0.0000s ]
INFO: [ view_parse ] --START--
INFO: [ template_filter ] --START--
INFO: Run Behavior\ContentReplaceBehavior [ RunTime:0.000000s ]
INFO: [ template_filter ] --END-- [ RunTime:0.000000s ]
SQL: SHOW COLUMNS FROM `hiwan_system` [ RunTime:0.0040s ]
SQL: SELECT * FROM `hiwan_system` WHERE `var` = 'web_name' LIMIT 1   [ RunTime:0.0000s ]
SQL: SELECT * FROM `hiwan_system` WHERE `var` = 'web_logo' LIMIT 1   [ RunTime:0.0000s ]
SQL: SELECT * FROM `hiwan_system` WHERE `var` = 'web_name' LIMIT 1   [ RunTime:0.0010s ]
NOTIC: [8] Use of undefined constant id - assumed 'id' D:\phpStudy\WWW\hiwan\Application\Runtime\Cache\Run\e1f598c6e4f38b96238e66ea8b99a445.php 第 262 行.
NOTIC: [8] Use of undefined constant id - assumed 'id' D:\phpStudy\WWW\hiwan\Application\Runtime\Cache\Run\e1f598c6e4f38b96238e66ea8b99a445.php 第 269 行.
NOTIC: [8] Use of undefined constant id - assumed 'id' D:\phpStudy\WWW\hiwan\Application\Runtime\Cache\Run\e1f598c6e4f38b96238e66ea8b99a445.php 第 262 行.
NOTIC: [8] Use of undefined constant id - assumed 'id' D:\phpStudy\WWW\hiwan\Application\Runtime\Cache\Run\e1f598c6e4f38b96238e66ea8b99a445.php 第 269 行.
NOTIC: [8] Use of undefined constant id - assumed 'id' D:\phpStudy\WWW\hiwan\Application\Runtime\Cache\Run\e1f598c6e4f38b96238e66ea8b99a445.php 第 262 行.
NOTIC: [8] Use of undefined constant id - assumed 'id' D:\phpStudy\WWW\hiwan\Application\Runtime\Cache\Run\e1f598c6e4f38b96238e66ea8b99a445.php 第 269 行.
INFO: Run Behavior\ParseTemplateBehavior [ RunTime:0.014000s ]
INFO: [ view_parse ] --END-- [ RunTime:0.014000s ]
INFO: [ view_filter ] --START--
INFO: Run Behavior\WriteHtmlCacheBehavior [ RunTime:0.001000s ]
INFO: [ view_filter ] --END-- [ RunTime:0.001000s ]
INFO: [ app_end ] --START--
INFO: Run Behavior\ShowPageTraceBehavior [ RunTime:0.000000s ]
INFO: [ app_end ] --END-- [ RunTime:0.000000s ]

[ 2018-04-20T16:12:46+08:00 ] 127.0.0.1 /Run/Category/delete.html
INFO: [ app_init ] --START--
INFO: Run Behavior\BuildLiteBehavior [ RunTime:0.000000s ]
INFO: [ app_init ] --END-- [ RunTime:0.001000s ]
INFO: [ app_begin ] --START--
INFO: Run Behavior\ReadHtmlCacheBehavior [ RunTime:0.001000s ]
INFO: [ app_begin ] --END-- [ RunTime:0.001000s ]
SQL: SHOW COLUMNS FROM `hiwan_category` [ RunTime:0.0040s ]
SQL: SELECT * FROM `hiwan_category` WHERE `pid` = 1 ORDER BY sort desc  [ RunTime:0.0000s ]

[ 2018-04-20T16:25:17+08:00 ] 127.0.0.1 /Run/Category/index.html123
INFO: [ app_init ] --START--
INFO: Run Behavior\BuildLiteBehavior [ RunTime:0.000000s ]
INFO: [ app_init ] --END-- [ RunTime:0.000000s ]
INFO: [ app_begin ] --START--
INFO: Run Behavior\ReadHtmlCacheBehavior [ RunTime:0.001000s ]
INFO: [ app_begin ] --END-- [ RunTime:0.001000s ]
INFO: [ view_parse ] --START--
INFO: [ template_filter ] --START--
INFO: Run Behavior\ContentReplaceBehavior [ RunTime:0.000000s ]
INFO: [ template_filter ] --END-- [ RunTime:0.000000s ]
INFO: Run Behavior\ParseTemplateBehavior [ RunTime:0.006000s ]
INFO: [ view_parse ] --END-- [ RunTime:0.006000s ]
INFO: [ view_filter ] --START--
INFO: Run Behavior\WriteHtmlCacheBehavior [ RunTime:0.000000s ]
INFO: [ view_filter ] --END-- [ RunTime:0.000000s ]
INFO: [ app_end ] --START--
INFO: Run Behavior\ShowPageTraceBehavior [ RunTime:0.000000s ]
INFO: [ app_end ] --END-- [ RunTime:0.000000s ]

[ 2018-04-20T16:25:21+08:00 ] 127.0.0.1 /Run/Category/ind
INFO: [ app_init ] --START--
INFO: Run Behavior\BuildLiteBehavior [ RunTime:0.000000s ]
INFO: [ app_init ] --END-- [ RunTime:0.000000s ]
INFO: [ app_begin ] --START--
INFO: Run Behavior\ReadHtmlCacheBehavior [ RunTime:0.001000s ]
INFO: [ app_begin ] --END-- [ RunTime:0.001000s ]
INFO: [ view_parse ] --START--
INFO: [ template_filter ] --START--
INFO: Run Behavior\ContentReplaceBehavior [ RunTime:0.000000s ]
INFO: [ template_filter ] --END-- [ RunTime:0.000000s ]
INFO: Run Behavior\ParseTemplateBehavior [ RunTime:0.004000s ]
INFO: [ view_parse ] --END-- [ RunTime:0.004000s ]
INFO: [ view_filter ] --START--
INFO: Run Behavior\WriteHtmlCacheBehavior [ RunTime:0.000000s ]
INFO: [ view_filter ] --END-- [ RunTime:0.000000s ]
INFO: [ app_end ] --START--
INFO: Run Behavior\ShowPageTraceBehavior [ RunTime:0.000000s ]
INFO: [ app_end ] --END-- [ RunTime:0.001000s ]

[ 2018-04-20T16:25:25+08:00 ] 127.0.0.1 /Run/Cate
INFO: [ app_init ] --START--
INFO: Run Behavior\BuildLiteBehavior [ RunTime:0.000000s ]
INFO: [ app_init ] --END-- [ RunTime:0.001000s ]
INFO: [ app_begin ] --START--
INFO: Run Behavior\ReadHtmlCacheBehavior [ RunTime:0.001000s ]
INFO: [ app_begin ] --END-- [ RunTime:0.001000s ]
INFO: [ view_parse ] --START--
INFO: [ template_filter ] --START--
INFO: Run Behavior\ContentReplaceBehavior [ RunTime:0.000000s ]
INFO: [ template_filter ] --END-- [ RunTime:0.000000s ]
INFO: Run Behavior\ParseTemplateBehavior [ RunTime:0.005000s ]
INFO: [ view_parse ] --END-- [ RunTime:0.005000s ]
INFO: [ view_filter ] --START--
INFO: Run Behavior\WriteHtmlCacheBehavior [ RunTime:0.000000s ]
INFO: [ view_filter ] --END-- [ RunTime:0.000000s ]
INFO: [ app_end ] --START--
INFO: Run Behavior\ShowPageTraceBehavior [ RunTime:0.000000s ]
INFO: [ app_end ] --END-- [ RunTime:0.000000s ]

[ 2018-04-20T16:38:31+08:00 ] 127.0.0.1 /Run/Public/404.html
INFO: [ app_init ] --START--
INFO: Run Behavior\BuildLiteBehavior [ RunTime:0.000000s ]
INFO: [ app_init ] --END-- [ RunTime:0.001000s ]
INFO: [ app_begin ] --START--
INFO: Run Behavior\ReadHtmlCacheBehavior [ RunTime:0.001000s ]
INFO: [ app_begin ] --END-- [ RunTime:0.001000s ]
INFO: [ view_parse ] --START--
INFO: [ template_filter ] --START--
INFO: Run Behavior\ContentReplaceBehavior [ RunTime:0.000000s ]
INFO: [ template_filter ] --END-- [ RunTime:0.000000s ]
INFO: Run Behavior\ParseTemplateBehavior [ RunTime:0.007000s ]
INFO: [ view_parse ] --END-- [ RunTime:0.007000s ]
INFO: [ view_filter ] --START--
INFO: Run Behavior\WriteHtmlCacheBehavior [ RunTime:0.001000s ]
INFO: [ view_filter ] --END-- [ RunTime:0.001000s ]
INFO: [ app_end ] --START--
INFO: Run Behavior\ShowPageTraceBehavior [ RunTime:0.000000s ]
INFO: [ app_end ] --END-- [ RunTime:0.000000s ]

